[16-Sep-2020 06:09:36 UTC] PHP Notice:  Undefined variable: image in /var/www/html/wp-content/themes/wptemplate/template-parts/content/content.php on line 7
[16-Sep-2020 06:09:36 UTC] PHP Deprecated:  WC_Cart->tax_display_cart was called with an argument that is <strong>deprecated</strong> since version 4.4! Use WC_Cart->get_tax_price_display_mode() instead. in /var/www/html/wp-includes/functions.php on line 5057
[16-Sep-2020 06:10:12 UTC] PHP Warning:  require_once(/var/www/html/wp-content/plugins/woocommerce-payments/vendor/composer/autoload_classmap_package.php): failed to open stream: No such file or directory in /var/www/html/wp-content/plugins/woocommerce-payments/vendor/autoload_packages.php on line 183
[16-Sep-2020 06:10:12 UTC] PHP Fatal error:  require_once(): Failed opening required '/var/www/html/wp-content/plugins/woocommerce-payments/vendor/composer/autoload_classmap_package.php' (include_path='.:/usr/local/lib/php') in /var/www/html/wp-content/plugins/woocommerce-payments/vendor/autoload_packages.php on line 183
[16-Sep-2020 06:10:14 UTC] PHP Warning:  require_once(/var/www/html/wp-content/plugins/woocommerce-payments/vendor/composer/autoload_classmap_package.php): failed to open stream: No such file or directory in /var/www/html/wp-content/plugins/woocommerce-payments/vendor/autoload_packages.php on line 183
[16-Sep-2020 06:10:14 UTC] PHP Fatal error:  require_once(): Failed opening required '/var/www/html/wp-content/plugins/woocommerce-payments/vendor/composer/autoload_classmap_package.php' (include_path='.:/usr/local/lib/php') in /var/www/html/wp-content/plugins/woocommerce-payments/vendor/autoload_packages.php on line 183
[16-Sep-2020 06:10:14 UTC] PHP Warning:  require_once(/var/www/html/wp-content/plugins/woocommerce-payments/vendor/composer/autoload_classmap_package.php): failed to open stream: No such file or directory in /var/www/html/wp-content/plugins/woocommerce-payments/vendor/autoload_packages.php on line 183
[16-Sep-2020 06:10:14 UTC] PHP Fatal error:  require_once(): Failed opening required '/var/www/html/wp-content/plugins/woocommerce-payments/vendor/composer/autoload_classmap_package.php' (include_path='.:/usr/local/lib/php') in /var/www/html/wp-content/plugins/woocommerce-payments/vendor/autoload_packages.php on line 183
[16-Sep-2020 06:11:22 UTC] PHP Warning:  require_once(/var/www/html/wp-content/plugins/woocommerce-payments/vendor/autoload_packages.php): failed to open stream: No such file or directory in /var/www/html/wp-content/plugins/woocommerce-payments/woocommerce-payments.php on line 26
[16-Sep-2020 06:11:22 UTC] PHP Fatal error:  require_once(): Failed opening required '/var/www/html/wp-content/plugins/woocommerce-payments/vendor/autoload_packages.php' (include_path='.:/usr/local/lib/php') in /var/www/html/wp-content/plugins/woocommerce-payments/woocommerce-payments.php on line 26
[16-Sep-2020 06:11:23 UTC] PHP Warning:  require_once(/var/www/html/wp-content/plugins/woocommerce-payments/vendor/autoload_packages.php): failed to open stream: No such file or directory in /var/www/html/wp-content/plugins/woocommerce-payments/woocommerce-payments.php on line 26
[16-Sep-2020 06:11:23 UTC] PHP Warning:  require_once(/var/www/html/wp-content/plugins/woocommerce-payments/vendor/autoload_packages.php): failed to open stream: No such file or directory in /var/www/html/wp-content/plugins/woocommerce-payments/woocommerce-payments.php on line 26
[16-Sep-2020 06:11:23 UTC] PHP Fatal error:  require_once(): Failed opening required '/var/www/html/wp-content/plugins/woocommerce-payments/vendor/autoload_packages.php' (include_path='.:/usr/local/lib/php') in /var/www/html/wp-content/plugins/woocommerce-payments/woocommerce-payments.php on line 26
[16-Sep-2020 06:11:23 UTC] PHP Fatal error:  require_once(): Failed opening required '/var/www/html/wp-content/plugins/woocommerce-payments/vendor/autoload_packages.php' (include_path='.:/usr/local/lib/php') in /var/www/html/wp-content/plugins/woocommerce-payments/woocommerce-payments.php on line 26
[16-Sep-2020 06:11:50 UTC] PHP Warning:  require_once(/var/www/html/wp-content/plugins/woocommerce-payments/vendor/autoload_packages.php): failed to open stream: No such file or directory in /var/www/html/wp-content/plugins/woocommerce-payments/woocommerce-payments.php on line 26
[16-Sep-2020 06:11:50 UTC] PHP Fatal error:  require_once(): Failed opening required '/var/www/html/wp-content/plugins/woocommerce-payments/vendor/autoload_packages.php' (include_path='.:/usr/local/lib/php') in /var/www/html/wp-content/plugins/woocommerce-payments/woocommerce-payments.php on line 26
[16-Sep-2020 06:11:53 UTC] PHP Warning:  require_once(/var/www/html/wp-content/plugins/woocommerce-payments/vendor/autoload_packages.php): failed to open stream: No such file or directory in /var/www/html/wp-content/plugins/woocommerce-payments/woocommerce-payments.php on line 26
[16-Sep-2020 06:11:53 UTC] PHP Fatal error:  require_once(): Failed opening required '/var/www/html/wp-content/plugins/woocommerce-payments/vendor/autoload_packages.php' (include_path='.:/usr/local/lib/php') in /var/www/html/wp-content/plugins/woocommerce-payments/woocommerce-payments.php on line 26
[16-Sep-2020 06:11:53 UTC] PHP Warning:  require_once(/var/www/html/wp-content/plugins/woocommerce-payments/vendor/autoload_packages.php): failed to open stream: No such file or directory in /var/www/html/wp-content/plugins/woocommerce-payments/woocommerce-payments.php on line 26
[16-Sep-2020 06:11:53 UTC] PHP Fatal error:  require_once(): Failed opening required '/var/www/html/wp-content/plugins/woocommerce-payments/vendor/autoload_packages.php' (include_path='.:/usr/local/lib/php') in /var/www/html/wp-content/plugins/woocommerce-payments/woocommerce-payments.php on line 26
[16-Sep-2020 06:12:56 UTC] PHP Notice:  copy(): write of 8192 bytes failed with errno=14 Bad address in /var/www/html/wp-admin/includes/class-wp-filesystem-direct.php on line 309
[16-Sep-2020 06:15:10 UTC] PHP Notice:  Undefined variable: sub in /var/www/html/wp-content/themes/wptemplate/header.php on line 27
[16-Sep-2020 06:15:11 UTC] The WC_Cart->tax_display_cart argument is deprecated since version 4.4. Use WC_Cart->get_tax_price_display_mode() instead.
[16-Sep-2020 06:15:38 UTC] PHP Notice:  Undefined variable: image in /var/www/html/wp-content/themes/wptemplate/template-parts/content/content.php on line 7
[16-Sep-2020 06:15:38 UTC] PHP Deprecated:  WC_Cart->tax_display_cart was called with an argument that is <strong>deprecated</strong> since version 4.4! Use WC_Cart->get_tax_price_display_mode() instead. in /var/www/html/wp-includes/functions.php on line 5057
[16-Sep-2020 06:15:46 UTC] PHP Notice:  Undefined variable: sub in /var/www/html/wp-content/themes/wptemplate/header.php on line 27
[16-Sep-2020 06:15:47 UTC] The WC_Cart->tax_display_cart argument is deprecated since version 4.4. Use WC_Cart->get_tax_price_display_mode() instead.
[17-Sep-2020 02:37:53 UTC] PHP Notice:  Undefined variable: sub in /var/www/html/wp-content/themes/wptemplate/header.php on line 27
[17-Sep-2020 02:38:33 UTC] PHP Fatal error:  Cannot redeclare WC() (previously declared in /var/www/html/wp-content/plugins/woocommerce/woocommerce.php:47) in /var/www/html/wp-content/plugins/woocommerce/woocommerce 2.php on line 46
[17-Sep-2020 02:38:34 UTC] PHP Fatal error:  Cannot redeclare WC() (previously declared in /var/www/html/wp-content/plugins/woocommerce/woocommerce.php:47) in /var/www/html/wp-content/plugins/woocommerce/woocommerce 2.php on line 46
[17-Sep-2020 02:38:34 UTC] PHP Fatal error:  Cannot redeclare WC() (previously declared in /var/www/html/wp-content/plugins/woocommerce/woocommerce.php:47) in /var/www/html/wp-content/plugins/woocommerce/woocommerce 2.php on line 46
[17-Sep-2020 02:39:35 UTC] PHP Warning:  require(/var/www/html/wp-content/plugins/woocommerce/src/Autoloader.php): failed to open stream: No such file or directory in /var/www/html/wp-content/plugins/woocommerce/woocommerce.php on line 24
[17-Sep-2020 02:39:35 UTC] PHP Fatal error:  require(): Failed opening required '/var/www/html/wp-content/plugins/woocommerce/src/Autoloader.php' (include_path='.:/usr/local/lib/php') in /var/www/html/wp-content/plugins/woocommerce/woocommerce.php on line 24
[17-Sep-2020 02:41:37 UTC] PHP Notice:  Undefined variable: sub in /var/www/html/wp-content/themes/wptemplate/header.php on line 27
[17-Sep-2020 02:42:04 UTC] PHP Notice:  Undefined variable: sub in /var/www/html/wp-content/themes/wptemplate/header.php on line 27
[17-Sep-2020 02:42:21 UTC] PHP Notice:  Undefined variable: sub in /var/www/html/wp-content/themes/wptemplate/header.php on line 27
[17-Sep-2020 02:44:36 UTC] PHP Notice:  Undefined variable: sub in /var/www/html/wp-content/themes/wptemplate/header.php on line 27
[17-Sep-2020 02:44:39 UTC] PHP Notice:  Undefined variable: sub in /var/www/html/wp-content/themes/wptemplate/header.php on line 27
[17-Sep-2020 02:44:54 UTC] PHP Notice:  Undefined variable: sub in /var/www/html/wp-content/themes/wptemplate/header.php on line 27
[17-Sep-2020 02:44:56 UTC] The WC_Cart->tax_display_cart argument is deprecated since version 4.4. Use WC_Cart->get_tax_price_display_mode() instead.
[17-Sep-2020 02:45:46 UTC] PHP Notice:  Undefined variable: sub in /var/www/html/wp-content/themes/wptemplate/header.php on line 27
[17-Sep-2020 02:46:44 UTC] PHP Notice:  Undefined variable: sub in /var/www/html/wp-content/themes/wptemplate/header.php on line 27
[17-Sep-2020 02:47:23 UTC] PHP Notice:  Undefined variable: sub in /var/www/html/wp-content/themes/wptemplate/header.php on line 27
[17-Sep-2020 02:49:09 UTC] PHP Notice:  Undefined variable: sub in /var/www/html/wp-content/themes/wptemplate/header.php on line 27
[17-Sep-2020 02:49:33 UTC] PHP Notice:  Undefined variable: sub in /var/www/html/wp-content/themes/wptemplate/header.php on line 27
[17-Sep-2020 02:51:37 UTC] PHP Notice:  Undefined variable: sub in /var/www/html/wp-content/themes/wptemplate/header.php on line 27
[17-Sep-2020 02:53:09 UTC] PHP Notice:  Undefined variable: sub in /var/www/html/wp-content/themes/wptemplate/header.php on line 27
[17-Sep-2020 03:02:07 UTC] PHP Notice:  Undefined variable: sub in /var/www/html/wp-content/themes/wptemplate/header.php on line 27
[17-Sep-2020 03:02:18 UTC] PHP Notice:  Undefined variable: sub in /var/www/html/wp-content/themes/wptemplate/header.php on line 27
[17-Sep-2020 03:03:56 UTC] PHP Notice:  Undefined variable: sub in /var/www/html/wp-content/themes/wptemplate/header.php on line 27
[17-Sep-2020 03:05:00 UTC] PHP Notice:  Undefined variable: sub in /var/www/html/wp-content/themes/wptemplate/header.php on line 27
[17-Sep-2020 03:05:15 UTC] PHP Notice:  Undefined variable: sub in /var/www/html/wp-content/themes/wptemplate/header.php on line 27
[17-Sep-2020 03:05:16 UTC] PHP Notice:  Undefined variable: sub in /var/www/html/wp-content/themes/wptemplate/header.php on line 27
[17-Sep-2020 03:05:42 UTC] PHP Notice:  Undefined variable: sub in /var/www/html/wp-content/themes/wptemplate/header.php on line 27
[17-Sep-2020 03:06:14 UTC] PHP Notice:  Undefined variable: sub in /var/www/html/wp-content/themes/wptemplate/header.php on line 27
[17-Sep-2020 03:07:26 UTC] PHP Notice:  Undefined variable: sub in /var/www/html/wp-content/themes/wptemplate/header.php on line 27
[17-Sep-2020 03:09:12 UTC] PHP Notice:  Undefined variable: sub in /var/www/html/wp-content/themes/wptemplate/header.php on line 27
[17-Sep-2020 03:10:45 UTC] PHP Notice:  Undefined variable: image in /var/www/html/wp-content/themes/wptemplate/template-parts/content/content.php on line 7
[17-Sep-2020 03:12:03 UTC] PHP Notice:  Undefined variable: image in /var/www/html/wp-content/themes/wptemplate/template-parts/content/content.php on line 7
[17-Sep-2020 03:15:44 UTC] PHP Notice:  register_rest_route was called <strong>incorrectly</strong>. The REST API route definition for <code>wc/v1/subscriptions/statuses</code> is missing the required <code>permission_callback</code> argument. For REST API routes that are intended to be public, use <code>__return_true</code> as the permission callback. Please see <a href="https://wordpress.org/support/article/debugging-in-wordpress/">Debugging in WordPress</a> for more information. (This message was added in version 5.5.0.) in /var/www/html/wp-includes/functions.php on line 5225
[17-Sep-2020 03:16:22 UTC] PHP Notice:  register_rest_route was called <strong>incorrectly</strong>. The REST API route definition for <code>wc/v1/subscriptions/statuses</code> is missing the required <code>permission_callback</code> argument. For REST API routes that are intended to be public, use <code>__return_true</code> as the permission callback. Please see <a href="https://wordpress.org/support/article/debugging-in-wordpress/">Debugging in WordPress</a> for more information. (This message was added in version 5.5.0.) in /var/www/html/wp-includes/functions.php on line 5225
[17-Sep-2020 03:16:31 UTC] PHP Notice:  register_rest_route was called <strong>incorrectly</strong>. The REST API route definition for <code>wc/v1/subscriptions/statuses</code> is missing the required <code>permission_callback</code> argument. For REST API routes that are intended to be public, use <code>__return_true</code> as the permission callback. Please see <a href="https://wordpress.org/support/article/debugging-in-wordpress/">Debugging in WordPress</a> for more information. (This message was added in version 5.5.0.) in /var/www/html/wp-includes/functions.php on line 5225
[17-Sep-2020 03:16:35 UTC] PHP Notice:  register_rest_route was called <strong>incorrectly</strong>. The REST API route definition for <code>wc/v1/subscriptions/statuses</code> is missing the required <code>permission_callback</code> argument. For REST API routes that are intended to be public, use <code>__return_true</code> as the permission callback. Please see <a href="https://wordpress.org/support/article/debugging-in-wordpress/">Debugging in WordPress</a> for more information. (This message was added in version 5.5.0.) in /var/www/html/wp-includes/functions.php on line 5225
[17-Sep-2020 03:16:56 UTC] PHP Notice:  register_rest_route was called <strong>incorrectly</strong>. The REST API route definition for <code>wc/v1/subscriptions/statuses</code> is missing the required <code>permission_callback</code> argument. For REST API routes that are intended to be public, use <code>__return_true</code> as the permission callback. Please see <a href="https://wordpress.org/support/article/debugging-in-wordpress/">Debugging in WordPress</a> for more information. (This message was added in version 5.5.0.) in /var/www/html/wp-includes/functions.php on line 5225
[17-Sep-2020 03:17:09 UTC] PHP Notice:  register_rest_route was called <strong>incorrectly</strong>. The REST API route definition for <code>wc/v1/subscriptions/statuses</code> is missing the required <code>permission_callback</code> argument. For REST API routes that are intended to be public, use <code>__return_true</code> as the permission callback. Please see <a href="https://wordpress.org/support/article/debugging-in-wordpress/">Debugging in WordPress</a> for more information. (This message was added in version 5.5.0.) in /var/www/html/wp-includes/functions.php on line 5225
[17-Sep-2020 03:18:17 UTC] PHP Notice:  register_rest_route was called <strong>incorrectly</strong>. The REST API route definition for <code>wc/v1/subscriptions/statuses</code> is missing the required <code>permission_callback</code> argument. For REST API routes that are intended to be public, use <code>__return_true</code> as the permission callback. Please see <a href="https://wordpress.org/support/article/debugging-in-wordpress/">Debugging in WordPress</a> for more information. (This message was added in version 5.5.0.) in /var/www/html/wp-includes/functions.php on line 5225
[17-Sep-2020 03:19:45 UTC] PHP Notice:  register_rest_route was called <strong>incorrectly</strong>. The REST API route definition for <code>wc/v1/subscriptions/statuses</code> is missing the required <code>permission_callback</code> argument. For REST API routes that are intended to be public, use <code>__return_true</code> as the permission callback. Please see <a href="https://wordpress.org/support/article/debugging-in-wordpress/">Debugging in WordPress</a> for more information. (This message was added in version 5.5.0.) in /var/www/html/wp-includes/functions.php on line 5225
[17-Sep-2020 03:27:56 UTC] PHP Notice:  register_rest_route was called <strong>incorrectly</strong>. The REST API route definition for <code>wc/v1/subscriptions/statuses</code> is missing the required <code>permission_callback</code> argument. For REST API routes that are intended to be public, use <code>__return_true</code> as the permission callback. Please see <a href="https://wordpress.org/support/article/debugging-in-wordpress/">Debugging in WordPress</a> for more information. (This message was added in version 5.5.0.) in /var/www/html/wp-includes/functions.php on line 5225
[17-Sep-2020 03:28:04 UTC] PHP Notice:  register_rest_route was called <strong>incorrectly</strong>. The REST API route definition for <code>wc/v1/subscriptions/statuses</code> is missing the required <code>permission_callback</code> argument. For REST API routes that are intended to be public, use <code>__return_true</code> as the permission callback. Please see <a href="https://wordpress.org/support/article/debugging-in-wordpress/">Debugging in WordPress</a> for more information. (This message was added in version 5.5.0.) in /var/www/html/wp-includes/functions.php on line 5225
[17-Sep-2020 03:28:10 UTC] PHP Notice:  register_rest_route was called <strong>incorrectly</strong>. The REST API route definition for <code>wc/v1/subscriptions/statuses</code> is missing the required <code>permission_callback</code> argument. For REST API routes that are intended to be public, use <code>__return_true</code> as the permission callback. Please see <a href="https://wordpress.org/support/article/debugging-in-wordpress/">Debugging in WordPress</a> for more information. (This message was added in version 5.5.0.) in /var/www/html/wp-includes/functions.php on line 5225
[17-Sep-2020 03:33:27 UTC] PHP Notice:  register_rest_route was called <strong>incorrectly</strong>. The REST API route definition for <code>wc/v1/subscriptions/statuses</code> is missing the required <code>permission_callback</code> argument. For REST API routes that are intended to be public, use <code>__return_true</code> as the permission callback. Please see <a href="https://wordpress.org/support/article/debugging-in-wordpress/">Debugging in WordPress</a> for more information. (This message was added in version 5.5.0.) in /var/www/html/wp-includes/functions.php on line 5225
[17-Sep-2020 03:33:32 UTC] PHP Notice:  register_rest_route was called <strong>incorrectly</strong>. The REST API route definition for <code>wc/v1/subscriptions/statuses</code> is missing the required <code>permission_callback</code> argument. For REST API routes that are intended to be public, use <code>__return_true</code> as the permission callback. Please see <a href="https://wordpress.org/support/article/debugging-in-wordpress/">Debugging in WordPress</a> for more information. (This message was added in version 5.5.0.) in /var/www/html/wp-includes/functions.php on line 5225
[17-Sep-2020 03:36:08 UTC] PHP Notice:  register_rest_route was called <strong>incorrectly</strong>. The REST API route definition for <code>wc/v1/subscriptions/statuses</code> is missing the required <code>permission_callback</code> argument. For REST API routes that are intended to be public, use <code>__return_true</code> as the permission callback. Please see <a href="https://wordpress.org/support/article/debugging-in-wordpress/">Debugging in WordPress</a> for more information. (This message was added in version 5.5.0.) in /var/www/html/wp-includes/functions.php on line 5225
[17-Sep-2020 03:38:17 UTC] PHP Notice:  register_rest_route was called <strong>incorrectly</strong>. The REST API route definition for <code>wc/v1/subscriptions/statuses</code> is missing the required <code>permission_callback</code> argument. For REST API routes that are intended to be public, use <code>__return_true</code> as the permission callback. Please see <a href="https://wordpress.org/support/article/debugging-in-wordpress/">Debugging in WordPress</a> for more information. (This message was added in version 5.5.0.) in /var/www/html/wp-includes/functions.php on line 5225
[17-Sep-2020 03:59:09 UTC] PHP Notice:  Trying to access array offset on value of type bool in /var/www/html/wp-content/plugins/woocommerce-dynamic-pricing/admin/classes/membership_pricing_rules_admin.class.php on line 58
[17-Sep-2020 04:00:27 UTC] PHP Notice:  register_rest_route was called <strong>incorrectly</strong>. The REST API route definition for <code>wc/v1/subscriptions/statuses</code> is missing the required <code>permission_callback</code> argument. For REST API routes that are intended to be public, use <code>__return_true</code> as the permission callback. Please see <a href="https://wordpress.org/support/article/debugging-in-wordpress/">Debugging in WordPress</a> for more information. (This message was added in version 5.5.0.) in /var/www/html/wp-includes/functions.php on line 5225
[17-Sep-2020 04:00:32 UTC] PHP Notice:  register_rest_route was called <strong>incorrectly</strong>. The REST API route definition for <code>wc/v1/subscriptions/statuses</code> is missing the required <code>permission_callback</code> argument. For REST API routes that are intended to be public, use <code>__return_true</code> as the permission callback. Please see <a href="https://wordpress.org/support/article/debugging-in-wordpress/">Debugging in WordPress</a> for more information. (This message was added in version 5.5.0.) in /var/www/html/wp-includes/functions.php on line 5225
[17-Sep-2020 04:01:05 UTC] PHP Notice:  register_rest_route was called <strong>incorrectly</strong>. The REST API route definition for <code>wc/v1/subscriptions/statuses</code> is missing the required <code>permission_callback</code> argument. For REST API routes that are intended to be public, use <code>__return_true</code> as the permission callback. Please see <a href="https://wordpress.org/support/article/debugging-in-wordpress/">Debugging in WordPress</a> for more information. (This message was added in version 5.5.0.) in /var/www/html/wp-includes/functions.php on line 5225
[17-Sep-2020 04:02:33 UTC] PHP Notice:  register_rest_route was called <strong>incorrectly</strong>. The REST API route definition for <code>wc/v1/subscriptions/statuses</code> is missing the required <code>permission_callback</code> argument. For REST API routes that are intended to be public, use <code>__return_true</code> as the permission callback. Please see <a href="https://wordpress.org/support/article/debugging-in-wordpress/">Debugging in WordPress</a> for more information. (This message was added in version 5.5.0.) in /var/www/html/wp-includes/functions.php on line 5225
[17-Sep-2020 04:02:33 UTC] PHP Notice:  register_rest_route was called <strong>incorrectly</strong>. The REST API route definition for <code>wc/v1/subscriptions/statuses</code> is missing the required <code>permission_callback</code> argument. For REST API routes that are intended to be public, use <code>__return_true</code> as the permission callback. Please see <a href="https://wordpress.org/support/article/debugging-in-wordpress/">Debugging in WordPress</a> for more information. (This message was added in version 5.5.0.) in /var/www/html/wp-includes/functions.php on line 5225
[17-Sep-2020 04:02:37 UTC] PHP Notice:  register_rest_route was called <strong>incorrectly</strong>. The REST API route definition for <code>wc/v1/subscriptions/statuses</code> is missing the required <code>permission_callback</code> argument. For REST API routes that are intended to be public, use <code>__return_true</code> as the permission callback. Please see <a href="https://wordpress.org/support/article/debugging-in-wordpress/">Debugging in WordPress</a> for more information. (This message was added in version 5.5.0.) in /var/www/html/wp-includes/functions.php on line 5225
[17-Sep-2020 04:02:56 UTC] PHP Notice:  register_rest_route was called <strong>incorrectly</strong>. The REST API route definition for <code>wc/v1/subscriptions/statuses</code> is missing the required <code>permission_callback</code> argument. For REST API routes that are intended to be public, use <code>__return_true</code> as the permission callback. Please see <a href="https://wordpress.org/support/article/debugging-in-wordpress/">Debugging in WordPress</a> for more information. (This message was added in version 5.5.0.) in /var/www/html/wp-includes/functions.php on line 5225
[17-Sep-2020 04:03:00 UTC] PHP Notice:  register_rest_route was called <strong>incorrectly</strong>. The REST API route definition for <code>wc/v1/subscriptions/statuses</code> is missing the required <code>permission_callback</code> argument. For REST API routes that are intended to be public, use <code>__return_true</code> as the permission callback. Please see <a href="https://wordpress.org/support/article/debugging-in-wordpress/">Debugging in WordPress</a> for more information. (This message was added in version 5.5.0.) in /var/www/html/wp-includes/functions.php on line 5225
[17-Sep-2020 04:05:29 UTC] PHP Notice:  register_rest_route was called <strong>incorrectly</strong>. The REST API route definition for <code>wc/v1/subscriptions/statuses</code> is missing the required <code>permission_callback</code> argument. For REST API routes that are intended to be public, use <code>__return_true</code> as the permission callback. Please see <a href="https://wordpress.org/support/article/debugging-in-wordpress/">Debugging in WordPress</a> for more information. (This message was added in version 5.5.0.) in /var/www/html/wp-includes/functions.php on line 5225
[17-Sep-2020 04:07:17 UTC] PHP Notice:  register_rest_route was called <strong>incorrectly</strong>. The REST API route definition for <code>wc/v1/subscriptions/statuses</code> is missing the required <code>permission_callback</code> argument. For REST API routes that are intended to be public, use <code>__return_true</code> as the permission callback. Please see <a href="https://wordpress.org/support/article/debugging-in-wordpress/">Debugging in WordPress</a> for more information. (This message was added in version 5.5.0.) in /var/www/html/wp-includes/functions.php on line 5225
[17-Sep-2020 04:08:37 UTC] PHP Notice:  register_rest_route was called <strong>incorrectly</strong>. The REST API route definition for <code>wc/v1/subscriptions/statuses</code> is missing the required <code>permission_callback</code> argument. For REST API routes that are intended to be public, use <code>__return_true</code> as the permission callback. Please see <a href="https://wordpress.org/support/article/debugging-in-wordpress/">Debugging in WordPress</a> for more information. (This message was added in version 5.5.0.) in /var/www/html/wp-includes/functions.php on line 5225
[17-Sep-2020 04:08:46 UTC] PHP Notice:  register_rest_route was called <strong>incorrectly</strong>. The REST API route definition for <code>wc/v1/subscriptions/statuses</code> is missing the required <code>permission_callback</code> argument. For REST API routes that are intended to be public, use <code>__return_true</code> as the permission callback. Please see <a href="https://wordpress.org/support/article/debugging-in-wordpress/">Debugging in WordPress</a> for more information. (This message was added in version 5.5.0.) in /var/www/html/wp-includes/functions.php on line 5225
[17-Sep-2020 04:10:18 UTC] PHP Notice:  register_rest_route was called <strong>incorrectly</strong>. The REST API route definition for <code>wc/v1/subscriptions/statuses</code> is missing the required <code>permission_callback</code> argument. For REST API routes that are intended to be public, use <code>__return_true</code> as the permission callback. Please see <a href="https://wordpress.org/support/article/debugging-in-wordpress/">Debugging in WordPress</a> for more information. (This message was added in version 5.5.0.) in /var/www/html/wp-includes/functions.php on line 5225
[17-Sep-2020 04:11:17 UTC] PHP Notice:  register_rest_route was called <strong>incorrectly</strong>. The REST API route definition for <code>wc/v1/subscriptions/statuses</code> is missing the required <code>permission_callback</code> argument. For REST API routes that are intended to be public, use <code>__return_true</code> as the permission callback. Please see <a href="https://wordpress.org/support/article/debugging-in-wordpress/">Debugging in WordPress</a> for more information. (This message was added in version 5.5.0.) in /var/www/html/wp-includes/functions.php on line 5225
[17-Sep-2020 04:11:33 UTC] PHP Notice:  Undefined variable: image in /var/www/html/wp-content/themes/wptemplate/template-parts/content/content.php on line 7
[17-Sep-2020 04:11:41 UTC] PHP Notice:  Undefined variable: image in /var/www/html/wp-content/themes/wptemplate/template-parts/content/content.php on line 7
[17-Sep-2020 04:11:48 UTC] PHP Notice:  Undefined variable: image in /var/www/html/wp-content/themes/wptemplate/template-parts/content/content.php on line 7
[17-Sep-2020 04:11:48 UTC] PHP Deprecated:  WC_Cart->tax_display_cart was called with an argument that is <strong>deprecated</strong> since version 4.4! Use WC_Cart->get_tax_price_display_mode() instead. in /var/www/html/wp-includes/functions.php on line 5057
[17-Sep-2020 04:11:56 UTC] PHP Notice:  Undefined variable: image in /var/www/html/wp-content/themes/wptemplate/template-parts/content/content.php on line 7
[17-Sep-2020 04:11:56 UTC] PHP Deprecated:  WC_Cart->tax_display_cart was called with an argument that is <strong>deprecated</strong> since version 4.4! Use WC_Cart->get_tax_price_display_mode() instead. in /var/www/html/wp-includes/functions.php on line 5057
[17-Sep-2020 04:12:05 UTC] PHP Notice:  register_rest_route was called <strong>incorrectly</strong>. The REST API route definition for <code>wc/v1/subscriptions/statuses</code> is missing the required <code>permission_callback</code> argument. For REST API routes that are intended to be public, use <code>__return_true</code> as the permission callback. Please see <a href="https://wordpress.org/support/article/debugging-in-wordpress/">Debugging in WordPress</a> for more information. (This message was added in version 5.5.0.) in /var/www/html/wp-includes/functions.php on line 5225
[17-Sep-2020 04:12:18 UTC] PHP Notice:  register_rest_route was called <strong>incorrectly</strong>. The REST API route definition for <code>wc/v1/subscriptions/statuses</code> is missing the required <code>permission_callback</code> argument. For REST API routes that are intended to be public, use <code>__return_true</code> as the permission callback. Please see <a href="https://wordpress.org/support/article/debugging-in-wordpress/">Debugging in WordPress</a> for more information. (This message was added in version 5.5.0.) in /var/www/html/wp-includes/functions.php on line 5225
[17-Sep-2020 04:12:25 UTC] PHP Notice:  Undefined variable: image in /var/www/html/wp-content/themes/wptemplate/template-parts/content/content.php on line 7
[17-Sep-2020 04:12:25 UTC] PHP Deprecated:  WC_Cart->tax_display_cart was called with an argument that is <strong>deprecated</strong> since version 4.4! Use WC_Cart->get_tax_price_display_mode() instead. in /var/www/html/wp-includes/functions.php on line 5057
[17-Sep-2020 04:14:38 UTC] PHP Notice:  Undefined variable: image in /var/www/html/wp-content/themes/wptemplate/template-parts/content/content.php on line 7
[17-Sep-2020 04:14:38 UTC] PHP Deprecated:  WC_Cart->tax_display_cart was called with an argument that is <strong>deprecated</strong> since version 4.4! Use WC_Cart->get_tax_price_display_mode() instead. in /var/www/html/wp-includes/functions.php on line 5057
[17-Sep-2020 04:15:41 UTC] PHP Fatal error:  Uncaught Error: Class 'ActionScheduler_Lock' not found in /var/www/html/wp-content/plugins/woocommerce/packages/action-scheduler/classes/abstracts/ActionScheduler.php:29
Stack trace:
#0 /var/www/html/wp-content/plugins/woocommerce/packages/action-scheduler/classes/ActionScheduler_QueueRunner.php(103): ActionScheduler::lock()
#1 /var/www/html/wp-includes/class-wp-hook.php(287): ActionScheduler_QueueRunner->maybe_dispatch_async_request('')
#2 /var/www/html/wp-includes/class-wp-hook.php(311): WP_Hook->apply_filters(1, Array)
#3 /var/www/html/wp-includes/plugin.php(478): WP_Hook->do_action(Array)
#4 /var/www/html/wp-includes/load.php(1007): do_action('shutdown')
#5 [internal function]: shutdown_action_hook()
#6 {main}
  thrown in /var/www/html/wp-content/plugins/woocommerce/packages/action-scheduler/classes/abstracts/ActionScheduler.php on line 29
[17-Sep-2020 04:15:41 UTC] PHP Warning:  fopen(/var/www/html/wp-content/plugins/woocommerce/woocommerce.php): failed to open stream: No such file or directory in /var/www/html/wp-includes/functions.php on line 6023
[17-Sep-2020 04:15:41 UTC] PHP Warning:  fread() expects parameter 1 to be resource, bool given in /var/www/html/wp-includes/functions.php on line 6026
[17-Sep-2020 04:15:41 UTC] PHP Warning:  fclose() expects parameter 1 to be resource, bool given in /var/www/html/wp-includes/functions.php on line 6029
[17-Sep-2020 04:15:42 UTC] PHP Warning:  fopen(/var/www/html/wp-content/plugins/woocommerce/woocommerce.php): failed to open stream: No such file or directory in /var/www/html/wp-includes/functions.php on line 6023
[17-Sep-2020 04:15:42 UTC] PHP Warning:  fread() expects parameter 1 to be resource, bool given in /var/www/html/wp-includes/functions.php on line 6026
[17-Sep-2020 04:15:42 UTC] PHP Warning:  fclose() expects parameter 1 to be resource, bool given in /var/www/html/wp-includes/functions.php on line 6029
[17-Sep-2020 04:15:42 UTC] PHP Warning:  Use of undefined constant WC_VERSION - assumed 'WC_VERSION' (this will throw an Error in a future version of PHP) in /var/www/html/wp-content/plugins/woocommerce-subscriptions/includes/class-wcs-dependent-hook-manager.php on line 51
[17-Sep-2020 04:15:42 UTC] PHP Fatal error:  Uncaught Error: Class 'WC_Query' not found in /var/www/html/wp-content/plugins/woocommerce-subscriptions/includes/class-wcs-query.php:8
Stack trace:
#0 /var/www/html/wp-content/plugins/woocommerce-subscriptions/includes/class-wcs-autoloader.php(77): require_once()
#1 [internal function]: WCS_Autoloader->autoload('wcs_query')
#2 /var/www/html/wp-content/plugins/woocommerce-subscriptions/woocommerce-subscriptions.php(796): spl_autoload_call('WCS_Query')
#3 /var/www/html/wp-includes/class-wp-hook.php(287): WC_Subscriptions::load_dependant_classes('')
#4 /var/www/html/wp-includes/class-wp-hook.php(311): WP_Hook->apply_filters(NULL, Array)
#5 /var/www/html/wp-includes/plugin.php(478): WP_Hook->do_action(Array)
#6 /var/www/html/wp-settings.php(409): do_action('plugins_loaded')
#7 /var/www/html/wp-config.php(107): require_once('/var/www/html/w...')
#8 /var/www/html/wp-load.php(37): require_once('/var/www/html/w...')
#9 /var/www/html/wp-admin/admin-ajax.php(22): require_once('/var/www/html/w...')
#10 {main}
  thrown in /var/www/html/wp-content/plugins/woocommerce-subscriptions/includes/class-wcs-query.php on line 8
[17-Sep-2020 04:15:42 UTC] PHP Notice:  Undefined property: wpdb::$actionscheduler_actions in /var/www/html/wp-includes/wp-db.php on line 648
[17-Sep-2020 04:15:42 UTC] WordPress database error Table 'wordpress.a' doesn't exist for query SELECT a.action_id FROM  a WHERE a.hook='action_scheduler/migration_hook' AND a.status='in-progress' ORDER BY scheduled_date_gmt DESC LIMIT 1 made by shutdown_action_hook, do_action('shutdown'), WP_Hook->do_action, WP_Hook->apply_filters, Action_Scheduler\Migration\Controller->schedule_migration, Action_Scheduler\Migration\Scheduler->is_migration_scheduled, as_next_scheduled_action, ActionScheduler_HybridStore->find_action, ActionScheduler_DBStore->find_action
[17-Sep-2020 04:15:42 UTC] WordPress database error Table 'wordpress.a' doesn't exist for query SELECT a.action_id FROM  a WHERE a.hook='action_scheduler/migration_hook' AND a.status='pending' ORDER BY scheduled_date_gmt ASC LIMIT 1 made by shutdown_action_hook, do_action('shutdown'), WP_Hook->do_action, WP_Hook->apply_filters, Action_Scheduler\Migration\Controller->schedule_migration, Action_Scheduler\Migration\Scheduler->is_migration_scheduled, as_next_scheduled_action, ActionScheduler_HybridStore->find_action, ActionScheduler_DBStore->find_action
[17-Sep-2020 04:15:42 UTC] WordPress database error Table 'wordpress.a' doesn't exist for query SELECT a.action_id FROM  a WHERE a.hook='action_scheduler/migration_hook' AND a.status='in-progress' ORDER BY scheduled_date_gmt DESC LIMIT 1 made by shutdown_action_hook, do_action('shutdown'), WP_Hook->do_action, WP_Hook->apply_filters, Action_Scheduler\Migration\Controller->schedule_migration, Action_Scheduler\Migration\Scheduler->schedule_migration, as_next_scheduled_action, ActionScheduler_HybridStore->find_action, ActionScheduler_DBStore->find_action
[17-Sep-2020 04:15:42 UTC] WordPress database error Table 'wordpress.a' doesn't exist for query SELECT a.action_id FROM  a WHERE a.hook='action_scheduler/migration_hook' AND a.status='pending' ORDER BY scheduled_date_gmt ASC LIMIT 1 made by shutdown_action_hook, do_action('shutdown'), WP_Hook->do_action, WP_Hook->apply_filters, Action_Scheduler\Migration\Controller->schedule_migration, Action_Scheduler\Migration\Scheduler->schedule_migration, as_next_scheduled_action, ActionScheduler_HybridStore->find_action, ActionScheduler_DBStore->find_action
[17-Sep-2020 04:15:42 UTC] PHP Notice:  Undefined property: wpdb::$actionscheduler_groups in /var/www/html/wp-includes/wp-db.php on line 648
[17-Sep-2020 04:15:42 UTC] WordPress database error You have an error in your SQL syntax; check the manual that corresponds to your MariaDB server version for the right syntax to use near 'WHERE slug='action-scheduler-migration'' at line 1 for query SELECT group_id FROM  WHERE slug='action-scheduler-migration' made by shutdown_action_hook, do_action('shutdown'), WP_Hook->do_action, WP_Hook->apply_filters, Action_Scheduler\Migration\Controller->schedule_migration, Action_Scheduler\Migration\Scheduler->schedule_migration, as_schedule_single_action, ActionScheduler_ActionFactory->single, ActionScheduler_ActionFactory->store, ActionScheduler_HybridStore->save_action, ActionScheduler_DBStoreMigrator->save_action, ActionScheduler_DBStore->save_action, ActionScheduler_DBStore->get_group_id
[17-Sep-2020 04:15:42 UTC] WordPress database error Incorrect table name '' for query SHOW FULL COLUMNS FROM `` made by shutdown_action_hook, do_action('shutdown'), WP_Hook->do_action, WP_Hook->apply_filters, Action_Scheduler\Migration\Controller->schedule_migration, Action_Scheduler\Migration\Scheduler->schedule_migration, as_schedule_single_action, ActionScheduler_ActionFactory->single, ActionScheduler_ActionFactory->store, ActionScheduler_HybridStore->save_action, ActionScheduler_DBStoreMigrator->save_action, ActionScheduler_DBStore->save_action, ActionScheduler_DBStore->get_group_id, ActionScheduler_DBStore->create_group
[17-Sep-2020 04:15:42 UTC] PHP Notice:  Undefined property: wpdb::$actionscheduler_actions in /var/www/html/wp-includes/wp-db.php on line 648
[17-Sep-2020 04:15:42 UTC] WordPress database error Incorrect table name '' for query SHOW FULL COLUMNS FROM `` made by shutdown_action_hook, do_action('shutdown'), WP_Hook->do_action, WP_Hook->apply_filters, Action_Scheduler\Migration\Controller->schedule_migration, Action_Scheduler\Migration\Scheduler->schedule_migration, as_schedule_single_action, ActionScheduler_ActionFactory->single, ActionScheduler_ActionFactory->store, ActionScheduler_HybridStore->save_action, ActionScheduler_DBStoreMigrator->save_action, ActionScheduler_DBStore->save_action
[17-Sep-2020 04:15:42 UTC] PHP Fatal error:  Uncaught RuntimeException: Error saving action: Error saving action: Incorrect table name '' in /var/www/html/wp-content/plugins/woocommerce-subscriptions/includes/libraries/action-scheduler/classes/migration/ActionScheduler_DBStoreMigrator.php:44
Stack trace:
#0 /var/www/html/wp-content/plugins/woocommerce-subscriptions/includes/libraries/action-scheduler/classes/data-stores/ActionScheduler_HybridStore.php(225): ActionScheduler_DBStoreMigrator->save_action(Object(ActionScheduler_Action), NULL)
#1 /var/www/html/wp-content/plugins/woocommerce-subscriptions/includes/libraries/action-scheduler/classes/ActionScheduler_ActionFactory.php(177): ActionScheduler_HybridStore->save_action(Object(ActionScheduler_Action))
#2 /var/www/html/wp-content/plugins/woocommerce-subscriptions/includes/libraries/action-scheduler/classes/ActionScheduler_ActionFactory.php(84): ActionScheduler_ActionFactory->store(Object(ActionScheduler_Action))
#3 /var/www/html/wp-content/plugins/woocommerce-subscriptions/includes/libraries/action-sch in /var/www/html/wp-content/plugins/woocommerce-subscriptions/includes/libraries/action-scheduler/classes/migration/ActionScheduler_DBStoreMigrator.php on line 44
[17-Sep-2020 04:15:59 UTC] PHP Warning:  fopen(/var/www/html/wp-content/plugins/woocommerce/woocommerce.php): failed to open stream: No such file or directory in /var/www/html/wp-includes/functions.php on line 6023
[17-Sep-2020 04:15:59 UTC] PHP Warning:  fread() expects parameter 1 to be resource, bool given in /var/www/html/wp-includes/functions.php on line 6026
[17-Sep-2020 04:15:59 UTC] PHP Warning:  fclose() expects parameter 1 to be resource, bool given in /var/www/html/wp-includes/functions.php on line 6029
[17-Sep-2020 04:15:59 UTC] PHP Warning:  fopen(/var/www/html/wp-content/plugins/woocommerce/woocommerce.php): failed to open stream: No such file or directory in /var/www/html/wp-includes/functions.php on line 6023
[17-Sep-2020 04:15:59 UTC] PHP Warning:  fread() expects parameter 1 to be resource, bool given in /var/www/html/wp-includes/functions.php on line 6026
[17-Sep-2020 04:15:59 UTC] PHP Warning:  fclose() expects parameter 1 to be resource, bool given in /var/www/html/wp-includes/functions.php on line 6029
[17-Sep-2020 04:15:59 UTC] PHP Warning:  Use of undefined constant WC_VERSION - assumed 'WC_VERSION' (this will throw an Error in a future version of PHP) in /var/www/html/wp-content/plugins/woocommerce-subscriptions/includes/class-wcs-dependent-hook-manager.php on line 51
[17-Sep-2020 04:15:59 UTC] PHP Fatal error:  Uncaught Error: Class 'WC_Query' not found in /var/www/html/wp-content/plugins/woocommerce-subscriptions/includes/class-wcs-query.php:8
Stack trace:
#0 /var/www/html/wp-content/plugins/woocommerce-subscriptions/includes/class-wcs-autoloader.php(77): require_once()
#1 [internal function]: WCS_Autoloader->autoload('wcs_query')
#2 /var/www/html/wp-content/plugins/woocommerce-subscriptions/woocommerce-subscriptions.php(796): spl_autoload_call('WCS_Query')
#3 /var/www/html/wp-includes/class-wp-hook.php(287): WC_Subscriptions::load_dependant_classes('')
#4 /var/www/html/wp-includes/class-wp-hook.php(311): WP_Hook->apply_filters(NULL, Array)
#5 /var/www/html/wp-includes/plugin.php(478): WP_Hook->do_action(Array)
#6 /var/www/html/wp-settings.php(409): do_action('plugins_loaded')
#7 /var/www/html/wp-config.php(107): require_once('/var/www/html/w...')
#8 /var/www/html/wp-load.php(37): require_once('/var/www/html/w...')
#9 /var/www/html/wp-admin/admin-ajax.php(22): require_once('/var/www/html/w...')
#10 {main}
  thrown in /var/www/html/wp-content/plugins/woocommerce-subscriptions/includes/class-wcs-query.php on line 8
[17-Sep-2020 04:15:59 UTC] PHP Notice:  Undefined property: wpdb::$actionscheduler_actions in /var/www/html/wp-includes/wp-db.php on line 648
[17-Sep-2020 04:15:59 UTC] WordPress database error Table 'wordpress.a' doesn't exist for query SELECT a.action_id FROM  a WHERE a.hook='action_scheduler/migration_hook' AND a.status='in-progress' ORDER BY scheduled_date_gmt DESC LIMIT 1 made by shutdown_action_hook, do_action('shutdown'), WP_Hook->do_action, WP_Hook->apply_filters, Action_Scheduler\Migration\Controller->schedule_migration, Action_Scheduler\Migration\Scheduler->is_migration_scheduled, as_next_scheduled_action, ActionScheduler_HybridStore->find_action, ActionScheduler_DBStore->find_action
[17-Sep-2020 04:15:59 UTC] WordPress database error Table 'wordpress.a' doesn't exist for query SELECT a.action_id FROM  a WHERE a.hook='action_scheduler/migration_hook' AND a.status='pending' ORDER BY scheduled_date_gmt ASC LIMIT 1 made by shutdown_action_hook, do_action('shutdown'), WP_Hook->do_action, WP_Hook->apply_filters, Action_Scheduler\Migration\Controller->schedule_migration, Action_Scheduler\Migration\Scheduler->is_migration_scheduled, as_next_scheduled_action, ActionScheduler_HybridStore->find_action, ActionScheduler_DBStore->find_action
[17-Sep-2020 04:15:59 UTC] WordPress database error Table 'wordpress.a' doesn't exist for query SELECT a.action_id FROM  a WHERE a.hook='action_scheduler/migration_hook' AND a.status='in-progress' ORDER BY scheduled_date_gmt DESC LIMIT 1 made by shutdown_action_hook, do_action('shutdown'), WP_Hook->do_action, WP_Hook->apply_filters, Action_Scheduler\Migration\Controller->schedule_migration, Action_Scheduler\Migration\Scheduler->schedule_migration, as_next_scheduled_action, ActionScheduler_HybridStore->find_action, ActionScheduler_DBStore->find_action
[17-Sep-2020 04:15:59 UTC] WordPress database error Table 'wordpress.a' doesn't exist for query SELECT a.action_id FROM  a WHERE a.hook='action_scheduler/migration_hook' AND a.status='pending' ORDER BY scheduled_date_gmt ASC LIMIT 1 made by shutdown_action_hook, do_action('shutdown'), WP_Hook->do_action, WP_Hook->apply_filters, Action_Scheduler\Migration\Controller->schedule_migration, Action_Scheduler\Migration\Scheduler->schedule_migration, as_next_scheduled_action, ActionScheduler_HybridStore->find_action, ActionScheduler_DBStore->find_action
[17-Sep-2020 04:15:59 UTC] PHP Notice:  Undefined property: wpdb::$actionscheduler_groups in /var/www/html/wp-includes/wp-db.php on line 648
[17-Sep-2020 04:15:59 UTC] WordPress database error You have an error in your SQL syntax; check the manual that corresponds to your MariaDB server version for the right syntax to use near 'WHERE slug='action-scheduler-migration'' at line 1 for query SELECT group_id FROM  WHERE slug='action-scheduler-migration' made by shutdown_action_hook, do_action('shutdown'), WP_Hook->do_action, WP_Hook->apply_filters, Action_Scheduler\Migration\Controller->schedule_migration, Action_Scheduler\Migration\Scheduler->schedule_migration, as_schedule_single_action, ActionScheduler_ActionFactory->single, ActionScheduler_ActionFactory->store, ActionScheduler_HybridStore->save_action, ActionScheduler_DBStoreMigrator->save_action, ActionScheduler_DBStore->save_action, ActionScheduler_DBStore->get_group_id
[17-Sep-2020 04:15:59 UTC] WordPress database error Incorrect table name '' for query SHOW FULL COLUMNS FROM `` made by shutdown_action_hook, do_action('shutdown'), WP_Hook->do_action, WP_Hook->apply_filters, Action_Scheduler\Migration\Controller->schedule_migration, Action_Scheduler\Migration\Scheduler->schedule_migration, as_schedule_single_action, ActionScheduler_ActionFactory->single, ActionScheduler_ActionFactory->store, ActionScheduler_HybridStore->save_action, ActionScheduler_DBStoreMigrator->save_action, ActionScheduler_DBStore->save_action, ActionScheduler_DBStore->get_group_id, ActionScheduler_DBStore->create_group
[17-Sep-2020 04:15:59 UTC] PHP Notice:  Undefined property: wpdb::$actionscheduler_actions in /var/www/html/wp-includes/wp-db.php on line 648
[17-Sep-2020 04:15:59 UTC] WordPress database error Incorrect table name '' for query SHOW FULL COLUMNS FROM `` made by shutdown_action_hook, do_action('shutdown'), WP_Hook->do_action, WP_Hook->apply_filters, Action_Scheduler\Migration\Controller->schedule_migration, Action_Scheduler\Migration\Scheduler->schedule_migration, as_schedule_single_action, ActionScheduler_ActionFactory->single, ActionScheduler_ActionFactory->store, ActionScheduler_HybridStore->save_action, ActionScheduler_DBStoreMigrator->save_action, ActionScheduler_DBStore->save_action
[17-Sep-2020 04:15:59 UTC] PHP Fatal error:  Uncaught RuntimeException: Error saving action: Error saving action: Incorrect table name '' in /var/www/html/wp-content/plugins/woocommerce-subscriptions/includes/libraries/action-scheduler/classes/migration/ActionScheduler_DBStoreMigrator.php:44
Stack trace:
#0 /var/www/html/wp-content/plugins/woocommerce-subscriptions/includes/libraries/action-scheduler/classes/data-stores/ActionScheduler_HybridStore.php(225): ActionScheduler_DBStoreMigrator->save_action(Object(ActionScheduler_Action), NULL)
#1 /var/www/html/wp-content/plugins/woocommerce-subscriptions/includes/libraries/action-scheduler/classes/ActionScheduler_ActionFactory.php(177): ActionScheduler_HybridStore->save_action(Object(ActionScheduler_Action))
#2 /var/www/html/wp-content/plugins/woocommerce-subscriptions/includes/libraries/action-scheduler/classes/ActionScheduler_ActionFactory.php(84): ActionScheduler_ActionFactory->store(Object(ActionScheduler_Action))
#3 /var/www/html/wp-content/plugins/woocommerce-subscriptions/includes/libraries/action-sch in /var/www/html/wp-content/plugins/woocommerce-subscriptions/includes/libraries/action-scheduler/classes/migration/ActionScheduler_DBStoreMigrator.php on line 44
[17-Sep-2020 04:16:21 UTC] PHP Warning:  fopen(/var/www/html/wp-content/plugins/woocommerce/woocommerce.php): failed to open stream: No such file or directory in /var/www/html/wp-includes/functions.php on line 6023
[17-Sep-2020 04:16:21 UTC] PHP Warning:  fread() expects parameter 1 to be resource, bool given in /var/www/html/wp-includes/functions.php on line 6026
[17-Sep-2020 04:16:21 UTC] PHP Warning:  fclose() expects parameter 1 to be resource, bool given in /var/www/html/wp-includes/functions.php on line 6029
[17-Sep-2020 04:16:21 UTC] PHP Warning:  fopen(/var/www/html/wp-content/plugins/woocommerce/woocommerce.php): failed to open stream: No such file or directory in /var/www/html/wp-includes/functions.php on line 6023
[17-Sep-2020 04:16:21 UTC] PHP Warning:  fread() expects parameter 1 to be resource, bool given in /var/www/html/wp-includes/functions.php on line 6026
[17-Sep-2020 04:16:21 UTC] PHP Warning:  fclose() expects parameter 1 to be resource, bool given in /var/www/html/wp-includes/functions.php on line 6029
[17-Sep-2020 04:16:21 UTC] PHP Warning:  Use of undefined constant WC_VERSION - assumed 'WC_VERSION' (this will throw an Error in a future version of PHP) in /var/www/html/wp-content/plugins/woocommerce-subscriptions/includes/class-wcs-dependent-hook-manager.php on line 51
[17-Sep-2020 04:16:21 UTC] PHP Fatal error:  Uncaught Error: Class 'WC_Query' not found in /var/www/html/wp-content/plugins/woocommerce-subscriptions/includes/class-wcs-query.php:8
Stack trace:
#0 /var/www/html/wp-content/plugins/woocommerce-subscriptions/includes/class-wcs-autoloader.php(77): require_once()
#1 [internal function]: WCS_Autoloader->autoload('wcs_query')
#2 /var/www/html/wp-content/plugins/woocommerce-subscriptions/woocommerce-subscriptions.php(796): spl_autoload_call('WCS_Query')
#3 /var/www/html/wp-includes/class-wp-hook.php(287): WC_Subscriptions::load_dependant_classes('')
#4 /var/www/html/wp-includes/class-wp-hook.php(311): WP_Hook->apply_filters(NULL, Array)
#5 /var/www/html/wp-includes/plugin.php(478): WP_Hook->do_action(Array)
#6 /var/www/html/wp-settings.php(409): do_action('plugins_loaded')
#7 /var/www/html/wp-config.php(107): require_once('/var/www/html/w...')
#8 /var/www/html/wp-load.php(37): require_once('/var/www/html/w...')
#9 /var/www/html/wp-admin/admin-ajax.php(22): require_once('/var/www/html/w...')
#10 {main}
  thrown in /var/www/html/wp-content/plugins/woocommerce-subscriptions/includes/class-wcs-query.php on line 8
[17-Sep-2020 04:16:21 UTC] PHP Notice:  Undefined property: wpdb::$actionscheduler_actions in /var/www/html/wp-includes/wp-db.php on line 648
[17-Sep-2020 04:16:21 UTC] WordPress database error Table 'wordpress.a' doesn't exist for query SELECT a.action_id FROM  a WHERE a.hook='action_scheduler/migration_hook' AND a.status='in-progress' ORDER BY scheduled_date_gmt DESC LIMIT 1 made by shutdown_action_hook, do_action('shutdown'), WP_Hook->do_action, WP_Hook->apply_filters, Action_Scheduler\Migration\Controller->schedule_migration, Action_Scheduler\Migration\Scheduler->is_migration_scheduled, as_next_scheduled_action, ActionScheduler_HybridStore->find_action, ActionScheduler_DBStore->find_action
[17-Sep-2020 04:16:21 UTC] WordPress database error Table 'wordpress.a' doesn't exist for query SELECT a.action_id FROM  a WHERE a.hook='action_scheduler/migration_hook' AND a.status='pending' ORDER BY scheduled_date_gmt ASC LIMIT 1 made by shutdown_action_hook, do_action('shutdown'), WP_Hook->do_action, WP_Hook->apply_filters, Action_Scheduler\Migration\Controller->schedule_migration, Action_Scheduler\Migration\Scheduler->is_migration_scheduled, as_next_scheduled_action, ActionScheduler_HybridStore->find_action, ActionScheduler_DBStore->find_action
[17-Sep-2020 04:16:21 UTC] WordPress database error Table 'wordpress.a' doesn't exist for query SELECT a.action_id FROM  a WHERE a.hook='action_scheduler/migration_hook' AND a.status='in-progress' ORDER BY scheduled_date_gmt DESC LIMIT 1 made by shutdown_action_hook, do_action('shutdown'), WP_Hook->do_action, WP_Hook->apply_filters, Action_Scheduler\Migration\Controller->schedule_migration, Action_Scheduler\Migration\Scheduler->schedule_migration, as_next_scheduled_action, ActionScheduler_HybridStore->find_action, ActionScheduler_DBStore->find_action
[17-Sep-2020 04:16:21 UTC] WordPress database error Table 'wordpress.a' doesn't exist for query SELECT a.action_id FROM  a WHERE a.hook='action_scheduler/migration_hook' AND a.status='pending' ORDER BY scheduled_date_gmt ASC LIMIT 1 made by shutdown_action_hook, do_action('shutdown'), WP_Hook->do_action, WP_Hook->apply_filters, Action_Scheduler\Migration\Controller->schedule_migration, Action_Scheduler\Migration\Scheduler->schedule_migration, as_next_scheduled_action, ActionScheduler_HybridStore->find_action, ActionScheduler_DBStore->find_action
[17-Sep-2020 04:16:21 UTC] PHP Notice:  Undefined property: wpdb::$actionscheduler_groups in /var/www/html/wp-includes/wp-db.php on line 648
[17-Sep-2020 04:16:21 UTC] WordPress database error You have an error in your SQL syntax; check the manual that corresponds to your MariaDB server version for the right syntax to use near 'WHERE slug='action-scheduler-migration'' at line 1 for query SELECT group_id FROM  WHERE slug='action-scheduler-migration' made by shutdown_action_hook, do_action('shutdown'), WP_Hook->do_action, WP_Hook->apply_filters, Action_Scheduler\Migration\Controller->schedule_migration, Action_Scheduler\Migration\Scheduler->schedule_migration, as_schedule_single_action, ActionScheduler_ActionFactory->single, ActionScheduler_ActionFactory->store, ActionScheduler_HybridStore->save_action, ActionScheduler_DBStoreMigrator->save_action, ActionScheduler_DBStore->save_action, ActionScheduler_DBStore->get_group_id
[17-Sep-2020 04:16:21 UTC] WordPress database error Incorrect table name '' for query SHOW FULL COLUMNS FROM `` made by shutdown_action_hook, do_action('shutdown'), WP_Hook->do_action, WP_Hook->apply_filters, Action_Scheduler\Migration\Controller->schedule_migration, Action_Scheduler\Migration\Scheduler->schedule_migration, as_schedule_single_action, ActionScheduler_ActionFactory->single, ActionScheduler_ActionFactory->store, ActionScheduler_HybridStore->save_action, ActionScheduler_DBStoreMigrator->save_action, ActionScheduler_DBStore->save_action, ActionScheduler_DBStore->get_group_id, ActionScheduler_DBStore->create_group
[17-Sep-2020 04:16:21 UTC] PHP Notice:  Undefined property: wpdb::$actionscheduler_actions in /var/www/html/wp-includes/wp-db.php on line 648
[17-Sep-2020 04:16:21 UTC] WordPress database error Incorrect table name '' for query SHOW FULL COLUMNS FROM `` made by shutdown_action_hook, do_action('shutdown'), WP_Hook->do_action, WP_Hook->apply_filters, Action_Scheduler\Migration\Controller->schedule_migration, Action_Scheduler\Migration\Scheduler->schedule_migration, as_schedule_single_action, ActionScheduler_ActionFactory->single, ActionScheduler_ActionFactory->store, ActionScheduler_HybridStore->save_action, ActionScheduler_DBStoreMigrator->save_action, ActionScheduler_DBStore->save_action
[17-Sep-2020 04:16:21 UTC] PHP Fatal error:  Uncaught RuntimeException: Error saving action: Error saving action: Incorrect table name '' in /var/www/html/wp-content/plugins/woocommerce-subscriptions/includes/libraries/action-scheduler/classes/migration/ActionScheduler_DBStoreMigrator.php:44
Stack trace:
#0 /var/www/html/wp-content/plugins/woocommerce-subscriptions/includes/libraries/action-scheduler/classes/data-stores/ActionScheduler_HybridStore.php(225): ActionScheduler_DBStoreMigrator->save_action(Object(ActionScheduler_Action), NULL)
#1 /var/www/html/wp-content/plugins/woocommerce-subscriptions/includes/libraries/action-scheduler/classes/ActionScheduler_ActionFactory.php(177): ActionScheduler_HybridStore->save_action(Object(ActionScheduler_Action))
#2 /var/www/html/wp-content/plugins/woocommerce-subscriptions/includes/libraries/action-scheduler/classes/ActionScheduler_ActionFactory.php(84): ActionScheduler_ActionFactory->store(Object(ActionScheduler_Action))
#3 /var/www/html/wp-content/plugins/woocommerce-subscriptions/includes/libraries/action-sch in /var/www/html/wp-content/plugins/woocommerce-subscriptions/includes/libraries/action-scheduler/classes/migration/ActionScheduler_DBStoreMigrator.php on line 44
[17-Sep-2020 04:16:36 UTC] PHP Warning:  fopen(/var/www/html/wp-content/plugins/woocommerce/woocommerce.php): failed to open stream: No such file or directory in /var/www/html/wp-includes/functions.php on line 6023
[17-Sep-2020 04:16:36 UTC] PHP Warning:  fread() expects parameter 1 to be resource, bool given in /var/www/html/wp-includes/functions.php on line 6026
[17-Sep-2020 04:16:36 UTC] PHP Warning:  fclose() expects parameter 1 to be resource, bool given in /var/www/html/wp-includes/functions.php on line 6029
[17-Sep-2020 04:16:36 UTC] PHP Warning:  fopen(/var/www/html/wp-content/plugins/woocommerce/woocommerce.php): failed to open stream: No such file or directory in /var/www/html/wp-includes/functions.php on line 6023
[17-Sep-2020 04:16:36 UTC] PHP Warning:  fread() expects parameter 1 to be resource, bool given in /var/www/html/wp-includes/functions.php on line 6026
[17-Sep-2020 04:16:36 UTC] PHP Warning:  fclose() expects parameter 1 to be resource, bool given in /var/www/html/wp-includes/functions.php on line 6029
[17-Sep-2020 04:16:36 UTC] PHP Warning:  Use of undefined constant WC_VERSION - assumed 'WC_VERSION' (this will throw an Error in a future version of PHP) in /var/www/html/wp-content/plugins/woocommerce-subscriptions/includes/class-wcs-dependent-hook-manager.php on line 51
[17-Sep-2020 04:16:36 UTC] PHP Fatal error:  Uncaught Error: Class 'WC_Query' not found in /var/www/html/wp-content/plugins/woocommerce-subscriptions/includes/class-wcs-query.php:8
Stack trace:
#0 /var/www/html/wp-content/plugins/woocommerce-subscriptions/includes/class-wcs-autoloader.php(77): require_once()
#1 [internal function]: WCS_Autoloader->autoload('wcs_query')
#2 /var/www/html/wp-content/plugins/woocommerce-subscriptions/woocommerce-subscriptions.php(796): spl_autoload_call('WCS_Query')
#3 /var/www/html/wp-includes/class-wp-hook.php(287): WC_Subscriptions::load_dependant_classes('')
#4 /var/www/html/wp-includes/class-wp-hook.php(311): WP_Hook->apply_filters(NULL, Array)
#5 /var/www/html/wp-includes/plugin.php(478): WP_Hook->do_action(Array)
#6 /var/www/html/wp-settings.php(409): do_action('plugins_loaded')
#7 /var/www/html/wp-config.php(107): require_once('/var/www/html/w...')
#8 /var/www/html/wp-load.php(37): require_once('/var/www/html/w...')
#9 /var/www/html/wp-admin/admin.php(34): require_once('/var/www/html/w...')
#10 /var/www/html/wp-admi in /var/www/html/wp-content/plugins/woocommerce-subscriptions/includes/class-wcs-query.php on line 8
[17-Sep-2020 04:16:36 UTC] PHP Notice:  Undefined property: wpdb::$actionscheduler_actions in /var/www/html/wp-includes/wp-db.php on line 648
[17-Sep-2020 04:16:36 UTC] WordPress database error Table 'wordpress.a' doesn't exist for query SELECT a.action_id FROM  a WHERE a.hook='action_scheduler/migration_hook' AND a.status='in-progress' ORDER BY scheduled_date_gmt DESC LIMIT 1 made by shutdown_action_hook, do_action('shutdown'), WP_Hook->do_action, WP_Hook->apply_filters, Action_Scheduler\Migration\Controller->schedule_migration, Action_Scheduler\Migration\Scheduler->is_migration_scheduled, as_next_scheduled_action, ActionScheduler_HybridStore->find_action, ActionScheduler_DBStore->find_action
[17-Sep-2020 04:16:36 UTC] WordPress database error Table 'wordpress.a' doesn't exist for query SELECT a.action_id FROM  a WHERE a.hook='action_scheduler/migration_hook' AND a.status='pending' ORDER BY scheduled_date_gmt ASC LIMIT 1 made by shutdown_action_hook, do_action('shutdown'), WP_Hook->do_action, WP_Hook->apply_filters, Action_Scheduler\Migration\Controller->schedule_migration, Action_Scheduler\Migration\Scheduler->is_migration_scheduled, as_next_scheduled_action, ActionScheduler_HybridStore->find_action, ActionScheduler_DBStore->find_action
[17-Sep-2020 04:16:36 UTC] WordPress database error Table 'wordpress.a' doesn't exist for query SELECT a.action_id FROM  a WHERE a.hook='action_scheduler/migration_hook' AND a.status='in-progress' ORDER BY scheduled_date_gmt DESC LIMIT 1 made by shutdown_action_hook, do_action('shutdown'), WP_Hook->do_action, WP_Hook->apply_filters, Action_Scheduler\Migration\Controller->schedule_migration, Action_Scheduler\Migration\Scheduler->schedule_migration, as_next_scheduled_action, ActionScheduler_HybridStore->find_action, ActionScheduler_DBStore->find_action
[17-Sep-2020 04:16:36 UTC] WordPress database error Table 'wordpress.a' doesn't exist for query SELECT a.action_id FROM  a WHERE a.hook='action_scheduler/migration_hook' AND a.status='pending' ORDER BY scheduled_date_gmt ASC LIMIT 1 made by shutdown_action_hook, do_action('shutdown'), WP_Hook->do_action, WP_Hook->apply_filters, Action_Scheduler\Migration\Controller->schedule_migration, Action_Scheduler\Migration\Scheduler->schedule_migration, as_next_scheduled_action, ActionScheduler_HybridStore->find_action, ActionScheduler_DBStore->find_action
[17-Sep-2020 04:16:36 UTC] PHP Notice:  Undefined property: wpdb::$actionscheduler_groups in /var/www/html/wp-includes/wp-db.php on line 648
[17-Sep-2020 04:16:36 UTC] WordPress database error You have an error in your SQL syntax; check the manual that corresponds to your MariaDB server version for the right syntax to use near 'WHERE slug='action-scheduler-migration'' at line 1 for query SELECT group_id FROM  WHERE slug='action-scheduler-migration' made by shutdown_action_hook, do_action('shutdown'), WP_Hook->do_action, WP_Hook->apply_filters, Action_Scheduler\Migration\Controller->schedule_migration, Action_Scheduler\Migration\Scheduler->schedule_migration, as_schedule_single_action, ActionScheduler_ActionFactory->single, ActionScheduler_ActionFactory->store, ActionScheduler_HybridStore->save_action, ActionScheduler_DBStoreMigrator->save_action, ActionScheduler_DBStore->save_action, ActionScheduler_DBStore->get_group_id
[17-Sep-2020 04:16:36 UTC] WordPress database error Incorrect table name '' for query SHOW FULL COLUMNS FROM `` made by shutdown_action_hook, do_action('shutdown'), WP_Hook->do_action, WP_Hook->apply_filters, Action_Scheduler\Migration\Controller->schedule_migration, Action_Scheduler\Migration\Scheduler->schedule_migration, as_schedule_single_action, ActionScheduler_ActionFactory->single, ActionScheduler_ActionFactory->store, ActionScheduler_HybridStore->save_action, ActionScheduler_DBStoreMigrator->save_action, ActionScheduler_DBStore->save_action, ActionScheduler_DBStore->get_group_id, ActionScheduler_DBStore->create_group
[17-Sep-2020 04:16:36 UTC] PHP Notice:  Undefined property: wpdb::$actionscheduler_actions in /var/www/html/wp-includes/wp-db.php on line 648
[17-Sep-2020 04:16:36 UTC] WordPress database error Incorrect table name '' for query SHOW FULL COLUMNS FROM `` made by shutdown_action_hook, do_action('shutdown'), WP_Hook->do_action, WP_Hook->apply_filters, Action_Scheduler\Migration\Controller->schedule_migration, Action_Scheduler\Migration\Scheduler->schedule_migration, as_schedule_single_action, ActionScheduler_ActionFactory->single, ActionScheduler_ActionFactory->store, ActionScheduler_HybridStore->save_action, ActionScheduler_DBStoreMigrator->save_action, ActionScheduler_DBStore->save_action
[17-Sep-2020 04:16:36 UTC] PHP Fatal error:  Uncaught RuntimeException: Error saving action: Error saving action: Incorrect table name '' in /var/www/html/wp-content/plugins/woocommerce-subscriptions/includes/libraries/action-scheduler/classes/migration/ActionScheduler_DBStoreMigrator.php:44
Stack trace:
#0 /var/www/html/wp-content/plugins/woocommerce-subscriptions/includes/libraries/action-scheduler/classes/data-stores/ActionScheduler_HybridStore.php(225): ActionScheduler_DBStoreMigrator->save_action(Object(ActionScheduler_Action), NULL)
#1 /var/www/html/wp-content/plugins/woocommerce-subscriptions/includes/libraries/action-scheduler/classes/ActionScheduler_ActionFactory.php(177): ActionScheduler_HybridStore->save_action(Object(ActionScheduler_Action))
#2 /var/www/html/wp-content/plugins/woocommerce-subscriptions/includes/libraries/action-scheduler/classes/ActionScheduler_ActionFactory.php(84): ActionScheduler_ActionFactory->store(Object(ActionScheduler_Action))
#3 /var/www/html/wp-content/plugins/woocommerce-subscriptions/includes/libraries/action-sch in /var/www/html/wp-content/plugins/woocommerce-subscriptions/includes/libraries/action-scheduler/classes/migration/ActionScheduler_DBStoreMigrator.php on line 44
[17-Sep-2020 04:16:38 UTC] PHP Warning:  fopen(/var/www/html/wp-content/plugins/woocommerce/woocommerce.php): failed to open stream: No such file or directory in /var/www/html/wp-includes/functions.php on line 6023
[17-Sep-2020 04:16:38 UTC] PHP Warning:  fread() expects parameter 1 to be resource, bool given in /var/www/html/wp-includes/functions.php on line 6026
[17-Sep-2020 04:16:38 UTC] PHP Warning:  fclose() expects parameter 1 to be resource, bool given in /var/www/html/wp-includes/functions.php on line 6029
[17-Sep-2020 04:16:38 UTC] PHP Warning:  fopen(/var/www/html/wp-content/plugins/woocommerce/woocommerce.php): failed to open stream: No such file or directory in /var/www/html/wp-includes/functions.php on line 6023
[17-Sep-2020 04:16:38 UTC] PHP Warning:  fread() expects parameter 1 to be resource, bool given in /var/www/html/wp-includes/functions.php on line 6026
[17-Sep-2020 04:16:38 UTC] PHP Warning:  fclose() expects parameter 1 to be resource, bool given in /var/www/html/wp-includes/functions.php on line 6029
[17-Sep-2020 04:16:38 UTC] PHP Warning:  Use of undefined constant WC_VERSION - assumed 'WC_VERSION' (this will throw an Error in a future version of PHP) in /var/www/html/wp-content/plugins/woocommerce-subscriptions/includes/class-wcs-dependent-hook-manager.php on line 51
[17-Sep-2020 04:16:38 UTC] PHP Fatal error:  Uncaught Error: Class 'WC_Query' not found in /var/www/html/wp-content/plugins/woocommerce-subscriptions/includes/class-wcs-query.php:8
Stack trace:
#0 /var/www/html/wp-content/plugins/woocommerce-subscriptions/includes/class-wcs-autoloader.php(77): require_once()
#1 [internal function]: WCS_Autoloader->autoload('wcs_query')
#2 /var/www/html/wp-content/plugins/woocommerce-subscriptions/woocommerce-subscriptions.php(796): spl_autoload_call('WCS_Query')
#3 /var/www/html/wp-includes/class-wp-hook.php(287): WC_Subscriptions::load_dependant_classes('')
#4 /var/www/html/wp-includes/class-wp-hook.php(311): WP_Hook->apply_filters(NULL, Array)
#5 /var/www/html/wp-includes/plugin.php(478): WP_Hook->do_action(Array)
#6 /var/www/html/wp-settings.php(409): do_action('plugins_loaded')
#7 /var/www/html/wp-config.php(107): require_once('/var/www/html/w...')
#8 /var/www/html/wp-load.php(37): require_once('/var/www/html/w...')
#9 /var/www/html/wp-admin/admin.php(34): require_once('/var/www/html/w...')
#10 /var/www/html/wp-admi in /var/www/html/wp-content/plugins/woocommerce-subscriptions/includes/class-wcs-query.php on line 8
[17-Sep-2020 04:16:38 UTC] PHP Notice:  Undefined property: wpdb::$actionscheduler_actions in /var/www/html/wp-includes/wp-db.php on line 648
[17-Sep-2020 04:16:38 UTC] WordPress database error Table 'wordpress.a' doesn't exist for query SELECT a.action_id FROM  a WHERE a.hook='action_scheduler/migration_hook' AND a.status='in-progress' ORDER BY scheduled_date_gmt DESC LIMIT 1 made by shutdown_action_hook, do_action('shutdown'), WP_Hook->do_action, WP_Hook->apply_filters, Action_Scheduler\Migration\Controller->schedule_migration, Action_Scheduler\Migration\Scheduler->is_migration_scheduled, as_next_scheduled_action, ActionScheduler_HybridStore->find_action, ActionScheduler_DBStore->find_action
[17-Sep-2020 04:16:38 UTC] WordPress database error Table 'wordpress.a' doesn't exist for query SELECT a.action_id FROM  a WHERE a.hook='action_scheduler/migration_hook' AND a.status='pending' ORDER BY scheduled_date_gmt ASC LIMIT 1 made by shutdown_action_hook, do_action('shutdown'), WP_Hook->do_action, WP_Hook->apply_filters, Action_Scheduler\Migration\Controller->schedule_migration, Action_Scheduler\Migration\Scheduler->is_migration_scheduled, as_next_scheduled_action, ActionScheduler_HybridStore->find_action, ActionScheduler_DBStore->find_action
[17-Sep-2020 04:16:38 UTC] WordPress database error Table 'wordpress.a' doesn't exist for query SELECT a.action_id FROM  a WHERE a.hook='action_scheduler/migration_hook' AND a.status='in-progress' ORDER BY scheduled_date_gmt DESC LIMIT 1 made by shutdown_action_hook, do_action('shutdown'), WP_Hook->do_action, WP_Hook->apply_filters, Action_Scheduler\Migration\Controller->schedule_migration, Action_Scheduler\Migration\Scheduler->schedule_migration, as_next_scheduled_action, ActionScheduler_HybridStore->find_action, ActionScheduler_DBStore->find_action
[17-Sep-2020 04:16:38 UTC] WordPress database error Table 'wordpress.a' doesn't exist for query SELECT a.action_id FROM  a WHERE a.hook='action_scheduler/migration_hook' AND a.status='pending' ORDER BY scheduled_date_gmt ASC LIMIT 1 made by shutdown_action_hook, do_action('shutdown'), WP_Hook->do_action, WP_Hook->apply_filters, Action_Scheduler\Migration\Controller->schedule_migration, Action_Scheduler\Migration\Scheduler->schedule_migration, as_next_scheduled_action, ActionScheduler_HybridStore->find_action, ActionScheduler_DBStore->find_action
[17-Sep-2020 04:16:38 UTC] PHP Notice:  Undefined property: wpdb::$actionscheduler_groups in /var/www/html/wp-includes/wp-db.php on line 648
[17-Sep-2020 04:16:38 UTC] WordPress database error You have an error in your SQL syntax; check the manual that corresponds to your MariaDB server version for the right syntax to use near 'WHERE slug='action-scheduler-migration'' at line 1 for query SELECT group_id FROM  WHERE slug='action-scheduler-migration' made by shutdown_action_hook, do_action('shutdown'), WP_Hook->do_action, WP_Hook->apply_filters, Action_Scheduler\Migration\Controller->schedule_migration, Action_Scheduler\Migration\Scheduler->schedule_migration, as_schedule_single_action, ActionScheduler_ActionFactory->single, ActionScheduler_ActionFactory->store, ActionScheduler_HybridStore->save_action, ActionScheduler_DBStoreMigrator->save_action, ActionScheduler_DBStore->save_action, ActionScheduler_DBStore->get_group_id
[17-Sep-2020 04:16:38 UTC] WordPress database error Incorrect table name '' for query SHOW FULL COLUMNS FROM `` made by shutdown_action_hook, do_action('shutdown'), WP_Hook->do_action, WP_Hook->apply_filters, Action_Scheduler\Migration\Controller->schedule_migration, Action_Scheduler\Migration\Scheduler->schedule_migration, as_schedule_single_action, ActionScheduler_ActionFactory->single, ActionScheduler_ActionFactory->store, ActionScheduler_HybridStore->save_action, ActionScheduler_DBStoreMigrator->save_action, ActionScheduler_DBStore->save_action, ActionScheduler_DBStore->get_group_id, ActionScheduler_DBStore->create_group
[17-Sep-2020 04:16:38 UTC] PHP Notice:  Undefined property: wpdb::$actionscheduler_actions in /var/www/html/wp-includes/wp-db.php on line 648
[17-Sep-2020 04:16:38 UTC] WordPress database error Incorrect table name '' for query SHOW FULL COLUMNS FROM `` made by shutdown_action_hook, do_action('shutdown'), WP_Hook->do_action, WP_Hook->apply_filters, Action_Scheduler\Migration\Controller->schedule_migration, Action_Scheduler\Migration\Scheduler->schedule_migration, as_schedule_single_action, ActionScheduler_ActionFactory->single, ActionScheduler_ActionFactory->store, ActionScheduler_HybridStore->save_action, ActionScheduler_DBStoreMigrator->save_action, ActionScheduler_DBStore->save_action
[17-Sep-2020 04:16:38 UTC] PHP Fatal error:  Uncaught RuntimeException: Error saving action: Error saving action: Incorrect table name '' in /var/www/html/wp-content/plugins/woocommerce-subscriptions/includes/libraries/action-scheduler/classes/migration/ActionScheduler_DBStoreMigrator.php:44
Stack trace:
#0 /var/www/html/wp-content/plugins/woocommerce-subscriptions/includes/libraries/action-scheduler/classes/data-stores/ActionScheduler_HybridStore.php(225): ActionScheduler_DBStoreMigrator->save_action(Object(ActionScheduler_Action), NULL)
#1 /var/www/html/wp-content/plugins/woocommerce-subscriptions/includes/libraries/action-scheduler/classes/ActionScheduler_ActionFactory.php(177): ActionScheduler_HybridStore->save_action(Object(ActionScheduler_Action))
#2 /var/www/html/wp-content/plugins/woocommerce-subscriptions/includes/libraries/action-scheduler/classes/ActionScheduler_ActionFactory.php(84): ActionScheduler_ActionFactory->store(Object(ActionScheduler_Action))
#3 /var/www/html/wp-content/plugins/woocommerce-subscriptions/includes/libraries/action-sch in /var/www/html/wp-content/plugins/woocommerce-subscriptions/includes/libraries/action-scheduler/classes/migration/ActionScheduler_DBStoreMigrator.php on line 44
[17-Sep-2020 04:16:42 UTC] PHP Warning:  fopen(/var/www/html/wp-content/plugins/woocommerce/woocommerce.php): failed to open stream: No such file or directory in /var/www/html/wp-includes/functions.php on line 6023
[17-Sep-2020 04:16:42 UTC] PHP Warning:  fread() expects parameter 1 to be resource, bool given in /var/www/html/wp-includes/functions.php on line 6026
[17-Sep-2020 04:16:42 UTC] PHP Warning:  fclose() expects parameter 1 to be resource, bool given in /var/www/html/wp-includes/functions.php on line 6029
[17-Sep-2020 04:16:42 UTC] PHP Warning:  fopen(/var/www/html/wp-content/plugins/woocommerce/woocommerce.php): failed to open stream: No such file or directory in /var/www/html/wp-includes/functions.php on line 6023
[17-Sep-2020 04:16:42 UTC] PHP Warning:  fread() expects parameter 1 to be resource, bool given in /var/www/html/wp-includes/functions.php on line 6026
[17-Sep-2020 04:16:42 UTC] PHP Warning:  fclose() expects parameter 1 to be resource, bool given in /var/www/html/wp-includes/functions.php on line 6029
[17-Sep-2020 04:16:42 UTC] PHP Warning:  Use of undefined constant WC_VERSION - assumed 'WC_VERSION' (this will throw an Error in a future version of PHP) in /var/www/html/wp-content/plugins/woocommerce-subscriptions/includes/class-wcs-dependent-hook-manager.php on line 51
[17-Sep-2020 04:16:42 UTC] PHP Fatal error:  Uncaught Error: Class 'WC_Query' not found in /var/www/html/wp-content/plugins/woocommerce-subscriptions/includes/class-wcs-query.php:8
Stack trace:
#0 /var/www/html/wp-content/plugins/woocommerce-subscriptions/includes/class-wcs-autoloader.php(77): require_once()
#1 [internal function]: WCS_Autoloader->autoload('wcs_query')
#2 /var/www/html/wp-content/plugins/woocommerce-subscriptions/woocommerce-subscriptions.php(796): spl_autoload_call('WCS_Query')
#3 /var/www/html/wp-includes/class-wp-hook.php(287): WC_Subscriptions::load_dependant_classes('')
#4 /var/www/html/wp-includes/class-wp-hook.php(311): WP_Hook->apply_filters(NULL, Array)
#5 /var/www/html/wp-includes/plugin.php(478): WP_Hook->do_action(Array)
#6 /var/www/html/wp-settings.php(409): do_action('plugins_loaded')
#7 /var/www/html/wp-config.php(107): require_once('/var/www/html/w...')
#8 /var/www/html/wp-load.php(37): require_once('/var/www/html/w...')
#9 /var/www/html/wp-admin/admin.php(34): require_once('/var/www/html/w...')
#10 /var/www/html/wp-admi in /var/www/html/wp-content/plugins/woocommerce-subscriptions/includes/class-wcs-query.php on line 8
[17-Sep-2020 04:16:42 UTC] PHP Notice:  Undefined property: wpdb::$actionscheduler_actions in /var/www/html/wp-includes/wp-db.php on line 648
[17-Sep-2020 04:16:42 UTC] WordPress database error Table 'wordpress.a' doesn't exist for query SELECT a.action_id FROM  a WHERE a.hook='action_scheduler/migration_hook' AND a.status='in-progress' ORDER BY scheduled_date_gmt DESC LIMIT 1 made by shutdown_action_hook, do_action('shutdown'), WP_Hook->do_action, WP_Hook->apply_filters, Action_Scheduler\Migration\Controller->schedule_migration, Action_Scheduler\Migration\Scheduler->is_migration_scheduled, as_next_scheduled_action, ActionScheduler_HybridStore->find_action, ActionScheduler_DBStore->find_action
[17-Sep-2020 04:16:42 UTC] WordPress database error Table 'wordpress.a' doesn't exist for query SELECT a.action_id FROM  a WHERE a.hook='action_scheduler/migration_hook' AND a.status='pending' ORDER BY scheduled_date_gmt ASC LIMIT 1 made by shutdown_action_hook, do_action('shutdown'), WP_Hook->do_action, WP_Hook->apply_filters, Action_Scheduler\Migration\Controller->schedule_migration, Action_Scheduler\Migration\Scheduler->is_migration_scheduled, as_next_scheduled_action, ActionScheduler_HybridStore->find_action, ActionScheduler_DBStore->find_action
[17-Sep-2020 04:16:42 UTC] WordPress database error Table 'wordpress.a' doesn't exist for query SELECT a.action_id FROM  a WHERE a.hook='action_scheduler/migration_hook' AND a.status='in-progress' ORDER BY scheduled_date_gmt DESC LIMIT 1 made by shutdown_action_hook, do_action('shutdown'), WP_Hook->do_action, WP_Hook->apply_filters, Action_Scheduler\Migration\Controller->schedule_migration, Action_Scheduler\Migration\Scheduler->schedule_migration, as_next_scheduled_action, ActionScheduler_HybridStore->find_action, ActionScheduler_DBStore->find_action
[17-Sep-2020 04:16:42 UTC] WordPress database error Table 'wordpress.a' doesn't exist for query SELECT a.action_id FROM  a WHERE a.hook='action_scheduler/migration_hook' AND a.status='pending' ORDER BY scheduled_date_gmt ASC LIMIT 1 made by shutdown_action_hook, do_action('shutdown'), WP_Hook->do_action, WP_Hook->apply_filters, Action_Scheduler\Migration\Controller->schedule_migration, Action_Scheduler\Migration\Scheduler->schedule_migration, as_next_scheduled_action, ActionScheduler_HybridStore->find_action, ActionScheduler_DBStore->find_action
[17-Sep-2020 04:16:42 UTC] PHP Notice:  Undefined property: wpdb::$actionscheduler_groups in /var/www/html/wp-includes/wp-db.php on line 648
[17-Sep-2020 04:16:42 UTC] WordPress database error You have an error in your SQL syntax; check the manual that corresponds to your MariaDB server version for the right syntax to use near 'WHERE slug='action-scheduler-migration'' at line 1 for query SELECT group_id FROM  WHERE slug='action-scheduler-migration' made by shutdown_action_hook, do_action('shutdown'), WP_Hook->do_action, WP_Hook->apply_filters, Action_Scheduler\Migration\Controller->schedule_migration, Action_Scheduler\Migration\Scheduler->schedule_migration, as_schedule_single_action, ActionScheduler_ActionFactory->single, ActionScheduler_ActionFactory->store, ActionScheduler_HybridStore->save_action, ActionScheduler_DBStoreMigrator->save_action, ActionScheduler_DBStore->save_action, ActionScheduler_DBStore->get_group_id
[17-Sep-2020 04:16:42 UTC] WordPress database error Incorrect table name '' for query SHOW FULL COLUMNS FROM `` made by shutdown_action_hook, do_action('shutdown'), WP_Hook->do_action, WP_Hook->apply_filters, Action_Scheduler\Migration\Controller->schedule_migration, Action_Scheduler\Migration\Scheduler->schedule_migration, as_schedule_single_action, ActionScheduler_ActionFactory->single, ActionScheduler_ActionFactory->store, ActionScheduler_HybridStore->save_action, ActionScheduler_DBStoreMigrator->save_action, ActionScheduler_DBStore->save_action, ActionScheduler_DBStore->get_group_id, ActionScheduler_DBStore->create_group
[17-Sep-2020 04:16:42 UTC] PHP Notice:  Undefined property: wpdb::$actionscheduler_actions in /var/www/html/wp-includes/wp-db.php on line 648
[17-Sep-2020 04:16:42 UTC] WordPress database error Incorrect table name '' for query SHOW FULL COLUMNS FROM `` made by shutdown_action_hook, do_action('shutdown'), WP_Hook->do_action, WP_Hook->apply_filters, Action_Scheduler\Migration\Controller->schedule_migration, Action_Scheduler\Migration\Scheduler->schedule_migration, as_schedule_single_action, ActionScheduler_ActionFactory->single, ActionScheduler_ActionFactory->store, ActionScheduler_HybridStore->save_action, ActionScheduler_DBStoreMigrator->save_action, ActionScheduler_DBStore->save_action
[17-Sep-2020 04:16:42 UTC] PHP Fatal error:  Uncaught RuntimeException: Error saving action: Error saving action: Incorrect table name '' in /var/www/html/wp-content/plugins/woocommerce-subscriptions/includes/libraries/action-scheduler/classes/migration/ActionScheduler_DBStoreMigrator.php:44
Stack trace:
#0 /var/www/html/wp-content/plugins/woocommerce-subscriptions/includes/libraries/action-scheduler/classes/data-stores/ActionScheduler_HybridStore.php(225): ActionScheduler_DBStoreMigrator->save_action(Object(ActionScheduler_Action), NULL)
#1 /var/www/html/wp-content/plugins/woocommerce-subscriptions/includes/libraries/action-scheduler/classes/ActionScheduler_ActionFactory.php(177): ActionScheduler_HybridStore->save_action(Object(ActionScheduler_Action))
#2 /var/www/html/wp-content/plugins/woocommerce-subscriptions/includes/libraries/action-scheduler/classes/ActionScheduler_ActionFactory.php(84): ActionScheduler_ActionFactory->store(Object(ActionScheduler_Action))
#3 /var/www/html/wp-content/plugins/woocommerce-subscriptions/includes/libraries/action-sch in /var/www/html/wp-content/plugins/woocommerce-subscriptions/includes/libraries/action-scheduler/classes/migration/ActionScheduler_DBStoreMigrator.php on line 44
[17-Sep-2020 04:17:22 UTC] PHP Warning:  fopen(/var/www/html/wp-content/plugins/woocommerce/woocommerce.php): failed to open stream: No such file or directory in /var/www/html/wp-includes/functions.php on line 6023
[17-Sep-2020 04:17:22 UTC] PHP Warning:  fread() expects parameter 1 to be resource, bool given in /var/www/html/wp-includes/functions.php on line 6026
[17-Sep-2020 04:17:22 UTC] PHP Warning:  fclose() expects parameter 1 to be resource, bool given in /var/www/html/wp-includes/functions.php on line 6029
[17-Sep-2020 04:17:22 UTC] PHP Warning:  fopen(/var/www/html/wp-content/plugins/woocommerce/woocommerce.php): failed to open stream: No such file or directory in /var/www/html/wp-includes/functions.php on line 6023
[17-Sep-2020 04:17:22 UTC] PHP Warning:  fread() expects parameter 1 to be resource, bool given in /var/www/html/wp-includes/functions.php on line 6026
[17-Sep-2020 04:17:22 UTC] PHP Warning:  fclose() expects parameter 1 to be resource, bool given in /var/www/html/wp-includes/functions.php on line 6029
[17-Sep-2020 04:17:22 UTC] PHP Warning:  Use of undefined constant WC_VERSION - assumed 'WC_VERSION' (this will throw an Error in a future version of PHP) in /var/www/html/wp-content/plugins/woocommerce-subscriptions/includes/class-wcs-dependent-hook-manager.php on line 51
[17-Sep-2020 04:17:22 UTC] PHP Fatal error:  Uncaught Error: Class 'WC_Query' not found in /var/www/html/wp-content/plugins/woocommerce-subscriptions/includes/class-wcs-query.php:8
Stack trace:
#0 /var/www/html/wp-content/plugins/woocommerce-subscriptions/includes/class-wcs-autoloader.php(77): require_once()
#1 [internal function]: WCS_Autoloader->autoload('wcs_query')
#2 /var/www/html/wp-content/plugins/woocommerce-subscriptions/woocommerce-subscriptions.php(796): spl_autoload_call('WCS_Query')
#3 /var/www/html/wp-includes/class-wp-hook.php(287): WC_Subscriptions::load_dependant_classes('')
#4 /var/www/html/wp-includes/class-wp-hook.php(311): WP_Hook->apply_filters(NULL, Array)
#5 /var/www/html/wp-includes/plugin.php(478): WP_Hook->do_action(Array)
#6 /var/www/html/wp-settings.php(409): do_action('plugins_loaded')
#7 /var/www/html/wp-config.php(107): require_once('/var/www/html/w...')
#8 /var/www/html/wp-load.php(37): require_once('/var/www/html/w...')
#9 /var/www/html/wp-admin/admin-ajax.php(22): require_once('/var/www/html/w...')
#10 {main}
  thrown in /var/www/html/wp-content/plugins/woocommerce-subscriptions/includes/class-wcs-query.php on line 8
[17-Sep-2020 04:17:22 UTC] PHP Notice:  Undefined property: wpdb::$actionscheduler_actions in /var/www/html/wp-includes/wp-db.php on line 648
[17-Sep-2020 04:17:22 UTC] WordPress database error Table 'wordpress.a' doesn't exist for query SELECT a.action_id FROM  a WHERE a.hook='action_scheduler/migration_hook' AND a.status='in-progress' ORDER BY scheduled_date_gmt DESC LIMIT 1 made by shutdown_action_hook, do_action('shutdown'), WP_Hook->do_action, WP_Hook->apply_filters, Action_Scheduler\Migration\Controller->schedule_migration, Action_Scheduler\Migration\Scheduler->is_migration_scheduled, as_next_scheduled_action, ActionScheduler_HybridStore->find_action, ActionScheduler_DBStore->find_action
[17-Sep-2020 04:17:22 UTC] WordPress database error Table 'wordpress.a' doesn't exist for query SELECT a.action_id FROM  a WHERE a.hook='action_scheduler/migration_hook' AND a.status='pending' ORDER BY scheduled_date_gmt ASC LIMIT 1 made by shutdown_action_hook, do_action('shutdown'), WP_Hook->do_action, WP_Hook->apply_filters, Action_Scheduler\Migration\Controller->schedule_migration, Action_Scheduler\Migration\Scheduler->is_migration_scheduled, as_next_scheduled_action, ActionScheduler_HybridStore->find_action, ActionScheduler_DBStore->find_action
[17-Sep-2020 04:17:22 UTC] WordPress database error Table 'wordpress.a' doesn't exist for query SELECT a.action_id FROM  a WHERE a.hook='action_scheduler/migration_hook' AND a.status='in-progress' ORDER BY scheduled_date_gmt DESC LIMIT 1 made by shutdown_action_hook, do_action('shutdown'), WP_Hook->do_action, WP_Hook->apply_filters, Action_Scheduler\Migration\Controller->schedule_migration, Action_Scheduler\Migration\Scheduler->schedule_migration, as_next_scheduled_action, ActionScheduler_HybridStore->find_action, ActionScheduler_DBStore->find_action
[17-Sep-2020 04:17:22 UTC] WordPress database error Table 'wordpress.a' doesn't exist for query SELECT a.action_id FROM  a WHERE a.hook='action_scheduler/migration_hook' AND a.status='pending' ORDER BY scheduled_date_gmt ASC LIMIT 1 made by shutdown_action_hook, do_action('shutdown'), WP_Hook->do_action, WP_Hook->apply_filters, Action_Scheduler\Migration\Controller->schedule_migration, Action_Scheduler\Migration\Scheduler->schedule_migration, as_next_scheduled_action, ActionScheduler_HybridStore->find_action, ActionScheduler_DBStore->find_action
[17-Sep-2020 04:17:22 UTC] PHP Notice:  Undefined property: wpdb::$actionscheduler_groups in /var/www/html/wp-includes/wp-db.php on line 648
[17-Sep-2020 04:17:22 UTC] WordPress database error You have an error in your SQL syntax; check the manual that corresponds to your MariaDB server version for the right syntax to use near 'WHERE slug='action-scheduler-migration'' at line 1 for query SELECT group_id FROM  WHERE slug='action-scheduler-migration' made by shutdown_action_hook, do_action('shutdown'), WP_Hook->do_action, WP_Hook->apply_filters, Action_Scheduler\Migration\Controller->schedule_migration, Action_Scheduler\Migration\Scheduler->schedule_migration, as_schedule_single_action, ActionScheduler_ActionFactory->single, ActionScheduler_ActionFactory->store, ActionScheduler_HybridStore->save_action, ActionScheduler_DBStoreMigrator->save_action, ActionScheduler_DBStore->save_action, ActionScheduler_DBStore->get_group_id
[17-Sep-2020 04:17:22 UTC] WordPress database error Incorrect table name '' for query SHOW FULL COLUMNS FROM `` made by shutdown_action_hook, do_action('shutdown'), WP_Hook->do_action, WP_Hook->apply_filters, Action_Scheduler\Migration\Controller->schedule_migration, Action_Scheduler\Migration\Scheduler->schedule_migration, as_schedule_single_action, ActionScheduler_ActionFactory->single, ActionScheduler_ActionFactory->store, ActionScheduler_HybridStore->save_action, ActionScheduler_DBStoreMigrator->save_action, ActionScheduler_DBStore->save_action, ActionScheduler_DBStore->get_group_id, ActionScheduler_DBStore->create_group
[17-Sep-2020 04:17:22 UTC] PHP Notice:  Undefined property: wpdb::$actionscheduler_actions in /var/www/html/wp-includes/wp-db.php on line 648
[17-Sep-2020 04:17:22 UTC] WordPress database error Incorrect table name '' for query SHOW FULL COLUMNS FROM `` made by shutdown_action_hook, do_action('shutdown'), WP_Hook->do_action, WP_Hook->apply_filters, Action_Scheduler\Migration\Controller->schedule_migration, Action_Scheduler\Migration\Scheduler->schedule_migration, as_schedule_single_action, ActionScheduler_ActionFactory->single, ActionScheduler_ActionFactory->store, ActionScheduler_HybridStore->save_action, ActionScheduler_DBStoreMigrator->save_action, ActionScheduler_DBStore->save_action
[17-Sep-2020 04:17:22 UTC] PHP Fatal error:  Uncaught RuntimeException: Error saving action: Error saving action: Incorrect table name '' in /var/www/html/wp-content/plugins/woocommerce-subscriptions/includes/libraries/action-scheduler/classes/migration/ActionScheduler_DBStoreMigrator.php:44
Stack trace:
#0 /var/www/html/wp-content/plugins/woocommerce-subscriptions/includes/libraries/action-scheduler/classes/data-stores/ActionScheduler_HybridStore.php(225): ActionScheduler_DBStoreMigrator->save_action(Object(ActionScheduler_Action), NULL)
#1 /var/www/html/wp-content/plugins/woocommerce-subscriptions/includes/libraries/action-scheduler/classes/ActionScheduler_ActionFactory.php(177): ActionScheduler_HybridStore->save_action(Object(ActionScheduler_Action))
#2 /var/www/html/wp-content/plugins/woocommerce-subscriptions/includes/libraries/action-scheduler/classes/ActionScheduler_ActionFactory.php(84): ActionScheduler_ActionFactory->store(Object(ActionScheduler_Action))
#3 /var/www/html/wp-content/plugins/woocommerce-subscriptions/includes/libraries/action-sch in /var/www/html/wp-content/plugins/woocommerce-subscriptions/includes/libraries/action-scheduler/classes/migration/ActionScheduler_DBStoreMigrator.php on line 44
[17-Sep-2020 04:17:29 UTC] PHP Warning:  fopen(/var/www/html/wp-content/plugins/woocommerce/woocommerce.php): failed to open stream: No such file or directory in /var/www/html/wp-includes/functions.php on line 6023
[17-Sep-2020 04:17:29 UTC] PHP Warning:  fread() expects parameter 1 to be resource, bool given in /var/www/html/wp-includes/functions.php on line 6026
[17-Sep-2020 04:17:29 UTC] PHP Warning:  fclose() expects parameter 1 to be resource, bool given in /var/www/html/wp-includes/functions.php on line 6029
[17-Sep-2020 04:17:29 UTC] PHP Warning:  fopen(/var/www/html/wp-content/plugins/woocommerce/woocommerce.php): failed to open stream: No such file or directory in /var/www/html/wp-includes/functions.php on line 6023
[17-Sep-2020 04:17:29 UTC] PHP Warning:  fread() expects parameter 1 to be resource, bool given in /var/www/html/wp-includes/functions.php on line 6026
[17-Sep-2020 04:17:29 UTC] PHP Warning:  fclose() expects parameter 1 to be resource, bool given in /var/www/html/wp-includes/functions.php on line 6029
[17-Sep-2020 04:17:29 UTC] PHP Warning:  Use of undefined constant WC_VERSION - assumed 'WC_VERSION' (this will throw an Error in a future version of PHP) in /var/www/html/wp-content/plugins/woocommerce-subscriptions/includes/class-wcs-dependent-hook-manager.php on line 51
[17-Sep-2020 04:17:29 UTC] PHP Fatal error:  Uncaught Error: Class 'WC_Query' not found in /var/www/html/wp-content/plugins/woocommerce-subscriptions/includes/class-wcs-query.php:8
Stack trace:
#0 /var/www/html/wp-content/plugins/woocommerce-subscriptions/includes/class-wcs-autoloader.php(77): require_once()
#1 [internal function]: WCS_Autoloader->autoload('wcs_query')
#2 /var/www/html/wp-content/plugins/woocommerce-subscriptions/woocommerce-subscriptions.php(796): spl_autoload_call('WCS_Query')
#3 /var/www/html/wp-includes/class-wp-hook.php(287): WC_Subscriptions::load_dependant_classes('')
#4 /var/www/html/wp-includes/class-wp-hook.php(311): WP_Hook->apply_filters(NULL, Array)
#5 /var/www/html/wp-includes/plugin.php(478): WP_Hook->do_action(Array)
#6 /var/www/html/wp-settings.php(409): do_action('plugins_loaded')
#7 /var/www/html/wp-config.php(107): require_once('/var/www/html/w...')
#8 /var/www/html/wp-load.php(37): require_once('/var/www/html/w...')
#9 /var/www/html/wp-admin/admin.php(34): require_once('/var/www/html/w...')
#10 /var/www/html/wp-admi in /var/www/html/wp-content/plugins/woocommerce-subscriptions/includes/class-wcs-query.php on line 8
[17-Sep-2020 04:17:29 UTC] PHP Notice:  Undefined property: wpdb::$actionscheduler_actions in /var/www/html/wp-includes/wp-db.php on line 648
[17-Sep-2020 04:17:29 UTC] WordPress database error Table 'wordpress.a' doesn't exist for query SELECT a.action_id FROM  a WHERE a.hook='action_scheduler/migration_hook' AND a.status='in-progress' ORDER BY scheduled_date_gmt DESC LIMIT 1 made by shutdown_action_hook, do_action('shutdown'), WP_Hook->do_action, WP_Hook->apply_filters, Action_Scheduler\Migration\Controller->schedule_migration, Action_Scheduler\Migration\Scheduler->is_migration_scheduled, as_next_scheduled_action, ActionScheduler_HybridStore->find_action, ActionScheduler_DBStore->find_action
[17-Sep-2020 04:17:29 UTC] WordPress database error Table 'wordpress.a' doesn't exist for query SELECT a.action_id FROM  a WHERE a.hook='action_scheduler/migration_hook' AND a.status='pending' ORDER BY scheduled_date_gmt ASC LIMIT 1 made by shutdown_action_hook, do_action('shutdown'), WP_Hook->do_action, WP_Hook->apply_filters, Action_Scheduler\Migration\Controller->schedule_migration, Action_Scheduler\Migration\Scheduler->is_migration_scheduled, as_next_scheduled_action, ActionScheduler_HybridStore->find_action, ActionScheduler_DBStore->find_action
[17-Sep-2020 04:17:29 UTC] WordPress database error Table 'wordpress.a' doesn't exist for query SELECT a.action_id FROM  a WHERE a.hook='action_scheduler/migration_hook' AND a.status='in-progress' ORDER BY scheduled_date_gmt DESC LIMIT 1 made by shutdown_action_hook, do_action('shutdown'), WP_Hook->do_action, WP_Hook->apply_filters, Action_Scheduler\Migration\Controller->schedule_migration, Action_Scheduler\Migration\Scheduler->schedule_migration, as_next_scheduled_action, ActionScheduler_HybridStore->find_action, ActionScheduler_DBStore->find_action
[17-Sep-2020 04:17:29 UTC] WordPress database error Table 'wordpress.a' doesn't exist for query SELECT a.action_id FROM  a WHERE a.hook='action_scheduler/migration_hook' AND a.status='pending' ORDER BY scheduled_date_gmt ASC LIMIT 1 made by shutdown_action_hook, do_action('shutdown'), WP_Hook->do_action, WP_Hook->apply_filters, Action_Scheduler\Migration\Controller->schedule_migration, Action_Scheduler\Migration\Scheduler->schedule_migration, as_next_scheduled_action, ActionScheduler_HybridStore->find_action, ActionScheduler_DBStore->find_action
[17-Sep-2020 04:17:29 UTC] PHP Notice:  Undefined property: wpdb::$actionscheduler_groups in /var/www/html/wp-includes/wp-db.php on line 648
[17-Sep-2020 04:17:29 UTC] WordPress database error You have an error in your SQL syntax; check the manual that corresponds to your MariaDB server version for the right syntax to use near 'WHERE slug='action-scheduler-migration'' at line 1 for query SELECT group_id FROM  WHERE slug='action-scheduler-migration' made by shutdown_action_hook, do_action('shutdown'), WP_Hook->do_action, WP_Hook->apply_filters, Action_Scheduler\Migration\Controller->schedule_migration, Action_Scheduler\Migration\Scheduler->schedule_migration, as_schedule_single_action, ActionScheduler_ActionFactory->single, ActionScheduler_ActionFactory->store, ActionScheduler_HybridStore->save_action, ActionScheduler_DBStoreMigrator->save_action, ActionScheduler_DBStore->save_action, ActionScheduler_DBStore->get_group_id
[17-Sep-2020 04:17:29 UTC] WordPress database error Incorrect table name '' for query SHOW FULL COLUMNS FROM `` made by shutdown_action_hook, do_action('shutdown'), WP_Hook->do_action, WP_Hook->apply_filters, Action_Scheduler\Migration\Controller->schedule_migration, Action_Scheduler\Migration\Scheduler->schedule_migration, as_schedule_single_action, ActionScheduler_ActionFactory->single, ActionScheduler_ActionFactory->store, ActionScheduler_HybridStore->save_action, ActionScheduler_DBStoreMigrator->save_action, ActionScheduler_DBStore->save_action, ActionScheduler_DBStore->get_group_id, ActionScheduler_DBStore->create_group
[17-Sep-2020 04:17:29 UTC] PHP Notice:  Undefined property: wpdb::$actionscheduler_actions in /var/www/html/wp-includes/wp-db.php on line 648
[17-Sep-2020 04:17:29 UTC] WordPress database error Incorrect table name '' for query SHOW FULL COLUMNS FROM `` made by shutdown_action_hook, do_action('shutdown'), WP_Hook->do_action, WP_Hook->apply_filters, Action_Scheduler\Migration\Controller->schedule_migration, Action_Scheduler\Migration\Scheduler->schedule_migration, as_schedule_single_action, ActionScheduler_ActionFactory->single, ActionScheduler_ActionFactory->store, ActionScheduler_HybridStore->save_action, ActionScheduler_DBStoreMigrator->save_action, ActionScheduler_DBStore->save_action
[17-Sep-2020 04:17:29 UTC] PHP Fatal error:  Uncaught RuntimeException: Error saving action: Error saving action: Incorrect table name '' in /var/www/html/wp-content/plugins/woocommerce-subscriptions/includes/libraries/action-scheduler/classes/migration/ActionScheduler_DBStoreMigrator.php:44
Stack trace:
#0 /var/www/html/wp-content/plugins/woocommerce-subscriptions/includes/libraries/action-scheduler/classes/data-stores/ActionScheduler_HybridStore.php(225): ActionScheduler_DBStoreMigrator->save_action(Object(ActionScheduler_Action), NULL)
#1 /var/www/html/wp-content/plugins/woocommerce-subscriptions/includes/libraries/action-scheduler/classes/ActionScheduler_ActionFactory.php(177): ActionScheduler_HybridStore->save_action(Object(ActionScheduler_Action))
#2 /var/www/html/wp-content/plugins/woocommerce-subscriptions/includes/libraries/action-scheduler/classes/ActionScheduler_ActionFactory.php(84): ActionScheduler_ActionFactory->store(Object(ActionScheduler_Action))
#3 /var/www/html/wp-content/plugins/woocommerce-subscriptions/includes/libraries/action-sch in /var/www/html/wp-content/plugins/woocommerce-subscriptions/includes/libraries/action-scheduler/classes/migration/ActionScheduler_DBStoreMigrator.php on line 44
[17-Sep-2020 04:17:37 UTC] PHP Warning:  fopen(/var/www/html/wp-content/plugins/woocommerce/woocommerce.php): failed to open stream: No such file or directory in /var/www/html/wp-includes/functions.php on line 6023
[17-Sep-2020 04:17:37 UTC] PHP Warning:  fread() expects parameter 1 to be resource, bool given in /var/www/html/wp-includes/functions.php on line 6026
[17-Sep-2020 04:17:37 UTC] PHP Warning:  fclose() expects parameter 1 to be resource, bool given in /var/www/html/wp-includes/functions.php on line 6029
[17-Sep-2020 04:17:37 UTC] PHP Warning:  fopen(/var/www/html/wp-content/plugins/woocommerce/woocommerce.php): failed to open stream: No such file or directory in /var/www/html/wp-includes/functions.php on line 6023
[17-Sep-2020 04:17:37 UTC] PHP Warning:  fread() expects parameter 1 to be resource, bool given in /var/www/html/wp-includes/functions.php on line 6026
[17-Sep-2020 04:17:37 UTC] PHP Warning:  fclose() expects parameter 1 to be resource, bool given in /var/www/html/wp-includes/functions.php on line 6029
[17-Sep-2020 04:17:37 UTC] PHP Warning:  fopen(/var/www/html/wp-content/plugins/woocommerce/woocommerce.php): failed to open stream: No such file or directory in /var/www/html/wp-includes/functions.php on line 6023
[17-Sep-2020 04:17:37 UTC] PHP Warning:  fread() expects parameter 1 to be resource, bool given in /var/www/html/wp-includes/functions.php on line 6026
[17-Sep-2020 04:17:37 UTC] PHP Warning:  fclose() expects parameter 1 to be resource, bool given in /var/www/html/wp-includes/functions.php on line 6029
[17-Sep-2020 04:17:38 UTC] PHP Warning:  fopen(/var/www/html/wp-content/plugins/woocommerce/woocommerce.php): failed to open stream: No such file or directory in /var/www/html/wp-includes/functions.php on line 6023
[17-Sep-2020 04:17:38 UTC] PHP Warning:  fread() expects parameter 1 to be resource, bool given in /var/www/html/wp-includes/functions.php on line 6026
[17-Sep-2020 04:17:38 UTC] PHP Warning:  fclose() expects parameter 1 to be resource, bool given in /var/www/html/wp-includes/functions.php on line 6029
[17-Sep-2020 04:17:38 UTC] PHP Warning:  fopen(/var/www/html/wp-content/plugins/woocommerce/woocommerce.php): failed to open stream: No such file or directory in /var/www/html/wp-includes/functions.php on line 6023
[17-Sep-2020 04:17:38 UTC] PHP Warning:  fread() expects parameter 1 to be resource, bool given in /var/www/html/wp-includes/functions.php on line 6026
[17-Sep-2020 04:17:38 UTC] PHP Warning:  fclose() expects parameter 1 to be resource, bool given in /var/www/html/wp-includes/functions.php on line 6029
[17-Sep-2020 04:17:38 UTC] PHP Warning:  fopen(/var/www/html/wp-content/plugins/woocommerce/woocommerce.php): failed to open stream: No such file or directory in /var/www/html/wp-includes/functions.php on line 6023
[17-Sep-2020 04:17:38 UTC] PHP Warning:  fread() expects parameter 1 to be resource, bool given in /var/www/html/wp-includes/functions.php on line 6026
[17-Sep-2020 04:17:38 UTC] PHP Warning:  fclose() expects parameter 1 to be resource, bool given in /var/www/html/wp-includes/functions.php on line 6029
[17-Sep-2020 04:17:39 UTC] PHP Warning:  fopen(/var/www/html/wp-content/plugins/woocommerce/woocommerce.php): failed to open stream: No such file or directory in /var/www/html/wp-includes/functions.php on line 6023
[17-Sep-2020 04:17:39 UTC] PHP Warning:  fread() expects parameter 1 to be resource, bool given in /var/www/html/wp-includes/functions.php on line 6026
[17-Sep-2020 04:17:39 UTC] PHP Warning:  fclose() expects parameter 1 to be resource, bool given in /var/www/html/wp-includes/functions.php on line 6029
[17-Sep-2020 04:17:39 UTC] PHP Warning:  fopen(/var/www/html/wp-content/plugins/woocommerce/woocommerce.php): failed to open stream: No such file or directory in /var/www/html/wp-includes/functions.php on line 6023
[17-Sep-2020 04:17:39 UTC] PHP Warning:  fread() expects parameter 1 to be resource, bool given in /var/www/html/wp-includes/functions.php on line 6026
[17-Sep-2020 04:17:39 UTC] PHP Warning:  fclose() expects parameter 1 to be resource, bool given in /var/www/html/wp-includes/functions.php on line 6029
[17-Sep-2020 04:17:40 UTC] PHP Warning:  fopen(/var/www/html/wp-content/plugins/woocommerce/woocommerce.php): failed to open stream: No such file or directory in /var/www/html/wp-includes/functions.php on line 6023
[17-Sep-2020 04:17:40 UTC] PHP Warning:  fread() expects parameter 1 to be resource, bool given in /var/www/html/wp-includes/functions.php on line 6026
[17-Sep-2020 04:17:40 UTC] PHP Warning:  fclose() expects parameter 1 to be resource, bool given in /var/www/html/wp-includes/functions.php on line 6029
[17-Sep-2020 04:21:13 UTC] PHP Notice:  register_rest_route was called <strong>incorrectly</strong>. The REST API route definition for <code>wc/v1/subscriptions/statuses</code> is missing the required <code>permission_callback</code> argument. For REST API routes that are intended to be public, use <code>__return_true</code> as the permission callback. Please see <a href="https://wordpress.org/support/article/debugging-in-wordpress/">Debugging in WordPress</a> for more information. (This message was added in version 5.5.0.) in /var/www/html/wp-includes/functions.php on line 5225
[17-Sep-2020 04:21:18 UTC] PHP Notice:  register_rest_route was called <strong>incorrectly</strong>. The REST API route definition for <code>wc/v1/subscriptions/statuses</code> is missing the required <code>permission_callback</code> argument. For REST API routes that are intended to be public, use <code>__return_true</code> as the permission callback. Please see <a href="https://wordpress.org/support/article/debugging-in-wordpress/">Debugging in WordPress</a> for more information. (This message was added in version 5.5.0.) in /var/www/html/wp-includes/functions.php on line 5225
[17-Sep-2020 04:21:27 UTC] PHP Notice:  register_rest_route was called <strong>incorrectly</strong>. The REST API route definition for <code>wc/v1/subscriptions/statuses</code> is missing the required <code>permission_callback</code> argument. For REST API routes that are intended to be public, use <code>__return_true</code> as the permission callback. Please see <a href="https://wordpress.org/support/article/debugging-in-wordpress/">Debugging in WordPress</a> for more information. (This message was added in version 5.5.0.) in /var/www/html/wp-includes/functions.php on line 5225
[17-Sep-2020 04:21:33 UTC] PHP Notice:  register_rest_route was called <strong>incorrectly</strong>. The REST API route definition for <code>wc/v1/subscriptions/statuses</code> is missing the required <code>permission_callback</code> argument. For REST API routes that are intended to be public, use <code>__return_true</code> as the permission callback. Please see <a href="https://wordpress.org/support/article/debugging-in-wordpress/">Debugging in WordPress</a> for more information. (This message was added in version 5.5.0.) in /var/www/html/wp-includes/functions.php on line 5225
[17-Sep-2020 04:22:12 UTC] PHP Notice:  register_rest_route was called <strong>incorrectly</strong>. The REST API route definition for <code>wc/v1/subscriptions/statuses</code> is missing the required <code>permission_callback</code> argument. For REST API routes that are intended to be public, use <code>__return_true</code> as the permission callback. Please see <a href="https://wordpress.org/support/article/debugging-in-wordpress/">Debugging in WordPress</a> for more information. (This message was added in version 5.5.0.) in /var/www/html/wp-includes/functions.php on line 5225
[17-Sep-2020 04:22:17 UTC] PHP Notice:  register_rest_route was called <strong>incorrectly</strong>. The REST API route definition for <code>wc/v1/subscriptions/statuses</code> is missing the required <code>permission_callback</code> argument. For REST API routes that are intended to be public, use <code>__return_true</code> as the permission callback. Please see <a href="https://wordpress.org/support/article/debugging-in-wordpress/">Debugging in WordPress</a> for more information. (This message was added in version 5.5.0.) in /var/www/html/wp-includes/functions.php on line 5225
[17-Sep-2020 04:22:49 UTC] PHP Notice:  register_rest_route was called <strong>incorrectly</strong>. The REST API route definition for <code>wc/v1/subscriptions/statuses</code> is missing the required <code>permission_callback</code> argument. For REST API routes that are intended to be public, use <code>__return_true</code> as the permission callback. Please see <a href="https://wordpress.org/support/article/debugging-in-wordpress/">Debugging in WordPress</a> for more information. (This message was added in version 5.5.0.) in /var/www/html/wp-includes/functions.php on line 5225
[17-Sep-2020 04:28:39 UTC] PHP Notice:  register_rest_route was called <strong>incorrectly</strong>. The REST API route definition for <code>wc/v1/subscriptions/statuses</code> is missing the required <code>permission_callback</code> argument. For REST API routes that are intended to be public, use <code>__return_true</code> as the permission callback. Please see <a href="https://wordpress.org/support/article/debugging-in-wordpress/">Debugging in WordPress</a> for more information. (This message was added in version 5.5.0.) in /var/www/html/wp-includes/functions.php on line 5225
[17-Sep-2020 04:28:45 UTC] PHP Notice:  Undefined variable: image in /var/www/html/wp-content/themes/wptemplate/template-parts/content/content.php on line 7
[17-Sep-2020 04:28:53 UTC] PHP Notice:  Undefined variable: image in /var/www/html/wp-content/themes/wptemplate/template-parts/content/content.php on line 7
[17-Sep-2020 04:28:58 UTC] PHP Notice:  Undefined variable: image in /var/www/html/wp-content/themes/wptemplate/template-parts/content/content.php on line 7
[17-Sep-2020 04:28:58 UTC] PHP Deprecated:  WC_Cart->tax_display_cart was called with an argument that is <strong>deprecated</strong> since version 4.4! Use WC_Cart->get_tax_price_display_mode() instead. in /var/www/html/wp-includes/functions.php on line 5057
[17-Sep-2020 04:29:21 UTC] PHP Notice:  Undefined variable: image in /var/www/html/wp-content/themes/wptemplate/template-parts/content/content.php on line 7
[17-Sep-2020 04:29:37 UTC] PHP Notice:  Undefined variable: image in /var/www/html/wp-content/themes/wptemplate/template-parts/content/content.php on line 7
[17-Sep-2020 04:32:06 UTC] PHP Notice:  Undefined variable: sub in /var/www/html/wp-content/themes/wptemplate/header.php on line 27
[17-Sep-2020 04:32:17 UTC] PHP Notice:  Undefined variable: sub in /var/www/html/wp-content/themes/wptemplate/header.php on line 27
[17-Sep-2020 04:32:29 UTC] PHP Notice:  Undefined variable: image in /var/www/html/wp-content/themes/wptemplate/template-parts/content/content.php on line 7
[17-Sep-2020 04:32:36 UTC] PHP Notice:  Undefined variable: image in /var/www/html/wp-content/themes/wptemplate/template-parts/content/content.php on line 7
[17-Sep-2020 04:32:45 UTC] PHP Notice:  Undefined variable: image in /var/www/html/wp-content/themes/wptemplate/template-parts/content/content.php on line 7
[17-Sep-2020 04:32:49 UTC] PHP Notice:  Undefined variable: image in /var/www/html/wp-content/themes/wptemplate/template-parts/content/content.php on line 7
[17-Sep-2020 04:32:54 UTC] PHP Notice:  Undefined variable: image in /var/www/html/wp-content/themes/wptemplate/template-parts/content/content.php on line 7
[17-Sep-2020 04:32:59 UTC] PHP Notice:  Undefined variable: image in /var/www/html/wp-content/themes/wptemplate/template-parts/content/content.php on line 7
[17-Sep-2020 04:32:59 UTC] PHP Deprecated:  WC_Cart->tax_display_cart was called with an argument that is <strong>deprecated</strong> since version 4.4! Use WC_Cart->get_tax_price_display_mode() instead. in /var/www/html/wp-includes/functions.php on line 5057
[17-Sep-2020 04:33:08 UTC] PHP Notice:  Undefined variable: image in /var/www/html/wp-content/themes/wptemplate/template-parts/content/content.php on line 7
[17-Sep-2020 04:33:08 UTC] PHP Deprecated:  WC_Cart->tax_display_cart was called with an argument that is <strong>deprecated</strong> since version 4.4! Use WC_Cart->get_tax_price_display_mode() instead. in /var/www/html/wp-includes/functions.php on line 5057
[17-Sep-2020 04:33:14 UTC] PHP Notice:  Undefined variable: image in /var/www/html/wp-content/themes/wptemplate/template-parts/content/content.php on line 7
[17-Sep-2020 04:33:14 UTC] PHP Deprecated:  WC_Cart->tax_display_cart was called with an argument that is <strong>deprecated</strong> since version 4.4! Use WC_Cart->get_tax_price_display_mode() instead. in /var/www/html/wp-includes/functions.php on line 5057
[17-Sep-2020 04:33:23 UTC] PHP Notice:  Undefined variable: image in /var/www/html/wp-content/themes/wptemplate/template-parts/content/content.php on line 7
[17-Sep-2020 04:33:23 UTC] PHP Deprecated:  WC_Cart->tax_display_cart was called with an argument that is <strong>deprecated</strong> since version 4.4! Use WC_Cart->get_tax_price_display_mode() instead. in /var/www/html/wp-includes/functions.php on line 5057
[17-Sep-2020 04:34:31 UTC] PHP Notice:  Undefined variable: sub in /var/www/html/wp-content/themes/wptemplate/header.php on line 27
[17-Sep-2020 04:34:34 UTC] The WC_Cart->tax_display_cart argument is deprecated since version 4.4. Use WC_Cart->get_tax_price_display_mode() instead.
[17-Sep-2020 04:34:41 UTC] PHP Notice:  Undefined variable: image in /var/www/html/wp-content/themes/wptemplate/template-parts/content/content.php on line 7
[17-Sep-2020 04:34:54 UTC] PHP Notice:  Undefined variable: image in /var/www/html/wp-content/themes/wptemplate/template-parts/content/content.php on line 7
[17-Sep-2020 04:35:00 UTC] PHP Notice:  Undefined variable: sub in /var/www/html/wp-content/themes/wptemplate/header.php on line 27
[17-Sep-2020 04:35:00 UTC] PHP Notice:  Undefined variable: sub in /var/www/html/wp-content/themes/wptemplate/header.php on line 27
[17-Sep-2020 04:35:00 UTC] PHP Notice:  Undefined variable: sub in /var/www/html/wp-content/themes/wptemplate/header.php on line 27
[17-Sep-2020 04:35:03 UTC] The WC_Cart->tax_display_cart argument is deprecated since version 4.4. Use WC_Cart->get_tax_price_display_mode() instead.
[17-Sep-2020 04:35:24 UTC] PHP Notice:  register_rest_route was called <strong>incorrectly</strong>. The REST API route definition for <code>wc/v1/subscriptions/statuses</code> is missing the required <code>permission_callback</code> argument. For REST API routes that are intended to be public, use <code>__return_true</code> as the permission callback. Please see <a href="https://wordpress.org/support/article/debugging-in-wordpress/">Debugging in WordPress</a> for more information. (This message was added in version 5.5.0.) in /var/www/html/wp-includes/functions.php on line 5225
[17-Sep-2020 04:35:30 UTC] PHP Notice:  register_rest_route was called <strong>incorrectly</strong>. The REST API route definition for <code>wc/v1/subscriptions/statuses</code> is missing the required <code>permission_callback</code> argument. For REST API routes that are intended to be public, use <code>__return_true</code> as the permission callback. Please see <a href="https://wordpress.org/support/article/debugging-in-wordpress/">Debugging in WordPress</a> for more information. (This message was added in version 5.5.0.) in /var/www/html/wp-includes/functions.php on line 5225
[17-Sep-2020 04:35:53 UTC] PHP Notice:  register_rest_route was called <strong>incorrectly</strong>. The REST API route definition for <code>wc/v1/subscriptions/statuses</code> is missing the required <code>permission_callback</code> argument. For REST API routes that are intended to be public, use <code>__return_true</code> as the permission callback. Please see <a href="https://wordpress.org/support/article/debugging-in-wordpress/">Debugging in WordPress</a> for more information. (This message was added in version 5.5.0.) in /var/www/html/wp-includes/functions.php on line 5225
[17-Sep-2020 04:36:31 UTC] PHP Notice:  register_rest_route was called <strong>incorrectly</strong>. The REST API route definition for <code>wc/v1/subscriptions/statuses</code> is missing the required <code>permission_callback</code> argument. For REST API routes that are intended to be public, use <code>__return_true</code> as the permission callback. Please see <a href="https://wordpress.org/support/article/debugging-in-wordpress/">Debugging in WordPress</a> for more information. (This message was added in version 5.5.0.) in /var/www/html/wp-includes/functions.php on line 5225
[17-Sep-2020 04:36:45 UTC] PHP Notice:  register_rest_route was called <strong>incorrectly</strong>. The REST API route definition for <code>wc/v1/subscriptions/statuses</code> is missing the required <code>permission_callback</code> argument. For REST API routes that are intended to be public, use <code>__return_true</code> as the permission callback. Please see <a href="https://wordpress.org/support/article/debugging-in-wordpress/">Debugging in WordPress</a> for more information. (This message was added in version 5.5.0.) in /var/www/html/wp-includes/functions.php on line 5225
[17-Sep-2020 04:40:46 UTC] PHP Warning:  Declaration of WC_Product_Variable_Subscription::get_available_variations() should be compatible with WC_Product_Variable::get_available_variations($return = 'array') in /var/www/html/wp-content/plugins/woocommerce-subscriptions/includes/class-wc-product-variable-subscription.php on line 321
[17-Sep-2020 04:40:46 UTC] PHP Warning:  Declaration of WC_Product_Variable_Subscription::get_available_variations() should be compatible with WC_Product_Variable::get_available_variations($return = 'array') in /var/www/html/wp-content/plugins/woocommerce-subscriptions/includes/class-wc-product-variable-subscription.php on line 321
[17-Sep-2020 04:40:47 UTC] PHP Notice:  register_rest_route was called <strong>incorrectly</strong>. The REST API route definition for <code>wc/v1/subscriptions/statuses</code> is missing the required <code>permission_callback</code> argument. For REST API routes that are intended to be public, use <code>__return_true</code> as the permission callback. Please see <a href="https://wordpress.org/support/article/debugging-in-wordpress/">Debugging in WordPress</a> for more information. (This message was added in version 5.5.0.) in /var/www/html/wp-includes/functions.php on line 5225
[17-Sep-2020 04:40:49 UTC] PHP Warning:  Declaration of WC_Product_Variable_Subscription::get_available_variations() should be compatible with WC_Product_Variable::get_available_variations($return = 'array') in /var/www/html/wp-content/plugins/woocommerce-subscriptions/includes/class-wc-product-variable-subscription.php on line 321
[17-Sep-2020 04:41:14 UTC] PHP Warning:  Declaration of WC_Product_Variable_Subscription::get_available_variations() should be compatible with WC_Product_Variable::get_available_variations($return = 'array') in /var/www/html/wp-content/plugins/woocommerce-subscriptions/includes/class-wc-product-variable-subscription.php on line 321
[17-Sep-2020 04:41:30 UTC] PHP Warning:  Declaration of WC_Product_Variable_Subscription::get_available_variations() should be compatible with WC_Product_Variable::get_available_variations($return = 'array') in /var/www/html/wp-content/plugins/woocommerce-subscriptions/includes/class-wc-product-variable-subscription.php on line 321
[17-Sep-2020 04:41:30 UTC] PHP Warning:  Declaration of WC_Product_Variable_Subscription::get_available_variations() should be compatible with WC_Product_Variable::get_available_variations($return = 'array') in /var/www/html/wp-content/plugins/woocommerce-subscriptions/includes/class-wc-product-variable-subscription.php on line 321
[17-Sep-2020 04:41:34 UTC] PHP Warning:  Declaration of WC_Product_Variable_Subscription::get_available_variations() should be compatible with WC_Product_Variable::get_available_variations($return = 'array') in /var/www/html/wp-content/plugins/woocommerce-subscriptions/includes/class-wc-product-variable-subscription.php on line 321
[17-Sep-2020 04:42:11 UTC] PHP Warning:  Declaration of WC_Product_Variable_Subscription::get_available_variations() should be compatible with WC_Product_Variable::get_available_variations($return = 'array') in /var/www/html/wp-content/plugins/woocommerce-subscriptions/includes/class-wc-product-variable-subscription.php on line 321
[17-Sep-2020 04:42:11 UTC] PHP Warning:  Declaration of WC_Product_Variable_Subscription::get_available_variations() should be compatible with WC_Product_Variable::get_available_variations($return = 'array') in /var/www/html/wp-content/plugins/woocommerce-subscriptions/includes/class-wc-product-variable-subscription.php on line 321
[17-Sep-2020 04:42:13 UTC] PHP Warning:  Declaration of WC_Product_Variable_Subscription::get_available_variations() should be compatible with WC_Product_Variable::get_available_variations($return = 'array') in /var/www/html/wp-content/plugins/woocommerce-subscriptions/includes/class-wc-product-variable-subscription.php on line 321
[17-Sep-2020 04:42:15 UTC] PHP Warning:  Declaration of WC_Product_Variable_Subscription::get_available_variations() should be compatible with WC_Product_Variable::get_available_variations($return = 'array') in /var/www/html/wp-content/plugins/woocommerce-subscriptions/includes/class-wc-product-variable-subscription.php on line 321
[17-Sep-2020 04:42:17 UTC] PHP Warning:  Declaration of WC_Product_Variable_Subscription::get_available_variations() should be compatible with WC_Product_Variable::get_available_variations($return = 'array') in /var/www/html/wp-content/plugins/woocommerce-subscriptions/includes/class-wc-product-variable-subscription.php on line 321
[17-Sep-2020 04:42:19 UTC] PHP Warning:  Declaration of WC_Product_Variable_Subscription::get_available_variations() should be compatible with WC_Product_Variable::get_available_variations($return = 'array') in /var/www/html/wp-content/plugins/woocommerce-subscriptions/includes/class-wc-product-variable-subscription.php on line 321
[17-Sep-2020 04:42:21 UTC] PHP Warning:  Declaration of WC_Product_Variable_Subscription::get_available_variations() should be compatible with WC_Product_Variable::get_available_variations($return = 'array') in /var/www/html/wp-content/plugins/woocommerce-subscriptions/includes/class-wc-product-variable-subscription.php on line 321
[17-Sep-2020 04:42:23 UTC] PHP Warning:  Declaration of WC_Product_Variable_Subscription::get_available_variations() should be compatible with WC_Product_Variable::get_available_variations($return = 'array') in /var/www/html/wp-content/plugins/woocommerce-subscriptions/includes/class-wc-product-variable-subscription.php on line 321
[17-Sep-2020 04:42:30 UTC] PHP Warning:  Declaration of WC_Product_Variable_Subscription::get_available_variations() should be compatible with WC_Product_Variable::get_available_variations($return = 'array') in /var/www/html/wp-content/plugins/woocommerce-subscriptions/includes/class-wc-product-variable-subscription.php on line 321
[17-Sep-2020 04:43:19 UTC] PHP Warning:  Declaration of WC_Product_Variable_Subscription::get_available_variations() should be compatible with WC_Product_Variable::get_available_variations($return = 'array') in /var/www/html/wp-content/plugins/woocommerce-subscriptions/includes/class-wc-product-variable-subscription.php on line 321
[17-Sep-2020 04:43:20 UTC] PHP Warning:  Declaration of WC_Product_Variable_Subscription::get_available_variations() should be compatible with WC_Product_Variable::get_available_variations($return = 'array') in /var/www/html/wp-content/plugins/woocommerce-subscriptions/includes/class-wc-product-variable-subscription.php on line 321
[17-Sep-2020 04:43:25 UTC] PHP Warning:  Declaration of WC_Product_Variable_Subscription::get_available_variations() should be compatible with WC_Product_Variable::get_available_variations($return = 'array') in /var/www/html/wp-content/plugins/woocommerce-subscriptions/includes/class-wc-product-variable-subscription.php on line 321
[17-Sep-2020 04:43:25 UTC] PHP Warning:  Declaration of WC_Product_Variable_Subscription::get_available_variations() should be compatible with WC_Product_Variable::get_available_variations($return = 'array') in /var/www/html/wp-content/plugins/woocommerce-subscriptions/includes/class-wc-product-variable-subscription.php on line 321
[17-Sep-2020 04:43:29 UTC] PHP Warning:  Declaration of WC_Product_Variable_Subscription::get_available_variations() should be compatible with WC_Product_Variable::get_available_variations($return = 'array') in /var/www/html/wp-content/plugins/woocommerce-subscriptions/includes/class-wc-product-variable-subscription.php on line 321
[17-Sep-2020 04:43:29 UTC] PHP Warning:  Declaration of WC_Product_Variable_Subscription::get_available_variations() should be compatible with WC_Product_Variable::get_available_variations($return = 'array') in /var/www/html/wp-content/plugins/woocommerce-subscriptions/includes/class-wc-product-variable-subscription.php on line 321
[17-Sep-2020 04:43:33 UTC] PHP Notice:  register_rest_route was called <strong>incorrectly</strong>. The REST API route definition for <code>wc/v1/subscriptions/statuses</code> is missing the required <code>permission_callback</code> argument. For REST API routes that are intended to be public, use <code>__return_true</code> as the permission callback. Please see <a href="https://wordpress.org/support/article/debugging-in-wordpress/">Debugging in WordPress</a> for more information. (This message was added in version 5.5.0.) in /var/www/html/wp-includes/functions.php on line 5225
[17-Sep-2020 04:44:36 UTC] PHP Notice:  register_rest_route was called <strong>incorrectly</strong>. The REST API route definition for <code>wc/v1/subscriptions/statuses</code> is missing the required <code>permission_callback</code> argument. For REST API routes that are intended to be public, use <code>__return_true</code> as the permission callback. Please see <a href="https://wordpress.org/support/article/debugging-in-wordpress/">Debugging in WordPress</a> for more information. (This message was added in version 5.5.0.) in /var/www/html/wp-includes/functions.php on line 5225
[17-Sep-2020 04:45:17 UTC] PHP Notice:  register_rest_route was called <strong>incorrectly</strong>. The REST API route definition for <code>wc/v1/subscriptions/statuses</code> is missing the required <code>permission_callback</code> argument. For REST API routes that are intended to be public, use <code>__return_true</code> as the permission callback. Please see <a href="https://wordpress.org/support/article/debugging-in-wordpress/">Debugging in WordPress</a> for more information. (This message was added in version 5.5.0.) in /var/www/html/wp-includes/functions.php on line 5225
[17-Sep-2020 04:46:03 UTC] PHP Notice:  register_rest_route was called <strong>incorrectly</strong>. The REST API route definition for <code>wc/v1/subscriptions/statuses</code> is missing the required <code>permission_callback</code> argument. For REST API routes that are intended to be public, use <code>__return_true</code> as the permission callback. Please see <a href="https://wordpress.org/support/article/debugging-in-wordpress/">Debugging in WordPress</a> for more information. (This message was added in version 5.5.0.) in /var/www/html/wp-includes/functions.php on line 5225
[17-Sep-2020 04:46:06 UTC] The WC_Cart->tax_display_cart argument is deprecated since version 4.4. Use WC_Cart->get_tax_price_display_mode() instead.
[17-Sep-2020 04:46:07 UTC] The WC_Cart->tax_display_cart argument is deprecated since version 4.4. Use WC_Cart->get_tax_price_display_mode() instead.
[17-Sep-2020 04:46:28 UTC] PHP Notice:  register_rest_route was called <strong>incorrectly</strong>. The REST API route definition for <code>wc/v1/subscriptions/statuses</code> is missing the required <code>permission_callback</code> argument. For REST API routes that are intended to be public, use <code>__return_true</code> as the permission callback. Please see <a href="https://wordpress.org/support/article/debugging-in-wordpress/">Debugging in WordPress</a> for more information. (This message was added in version 5.5.0.) in /var/www/html/wp-includes/functions.php on line 5225
[17-Sep-2020 04:46:48 UTC] PHP Notice:  register_rest_route was called <strong>incorrectly</strong>. The REST API route definition for <code>wc/v1/subscriptions/statuses</code> is missing the required <code>permission_callback</code> argument. For REST API routes that are intended to be public, use <code>__return_true</code> as the permission callback. Please see <a href="https://wordpress.org/support/article/debugging-in-wordpress/">Debugging in WordPress</a> for more information. (This message was added in version 5.5.0.) in /var/www/html/wp-includes/functions.php on line 5225
[17-Sep-2020 04:47:15 UTC] PHP Notice:  register_rest_route was called <strong>incorrectly</strong>. The REST API route definition for <code>wc/v1/subscriptions/statuses</code> is missing the required <code>permission_callback</code> argument. For REST API routes that are intended to be public, use <code>__return_true</code> as the permission callback. Please see <a href="https://wordpress.org/support/article/debugging-in-wordpress/">Debugging in WordPress</a> for more information. (This message was added in version 5.5.0.) in /var/www/html/wp-includes/functions.php on line 5225
[17-Sep-2020 04:50:02 UTC] PHP Parse error:  syntax error, unexpected 'to' (T_STRING), expecting ')' in /var/www/html/wp-content/themes/wptemplate/functions.php on line 97
[17-Sep-2020 04:50:02 UTC] PHP Parse error:  syntax error, unexpected 'to' (T_STRING), expecting ')' in /var/www/html/wp-content/themes/wptemplate/functions.php on line 97
[17-Sep-2020 04:50:02 UTC] PHP Parse error:  syntax error, unexpected 'to' (T_STRING), expecting ')' in /var/www/html/wp-content/themes/wptemplate/functions.php on line 97
[17-Sep-2020 04:50:03 UTC] PHP Parse error:  syntax error, unexpected 'to' (T_STRING), expecting ')' in /var/www/html/wp-content/themes/wptemplate/functions.php on line 97
[17-Sep-2020 04:51:55 UTC] PHP Parse error:  syntax error, unexpected 'to' (T_STRING), expecting ')' in /var/www/html/wp-content/themes/wptemplate/functions.php on line 97
[17-Sep-2020 04:52:19 UTC] PHP Notice:  register_rest_route was called <strong>incorrectly</strong>. The REST API route definition for <code>wc/v1/subscriptions/statuses</code> is missing the required <code>permission_callback</code> argument. For REST API routes that are intended to be public, use <code>__return_true</code> as the permission callback. Please see <a href="https://wordpress.org/support/article/debugging-in-wordpress/">Debugging in WordPress</a> for more information. (This message was added in version 5.5.0.) in /var/www/html/wp-includes/functions.php on line 5225
[17-Sep-2020 04:52:19 UTC] PHP Notice:  register_rest_route was called <strong>incorrectly</strong>. The REST API route definition for <code>wc/v1/subscriptions/statuses</code> is missing the required <code>permission_callback</code> argument. For REST API routes that are intended to be public, use <code>__return_true</code> as the permission callback. Please see <a href="https://wordpress.org/support/article/debugging-in-wordpress/">Debugging in WordPress</a> for more information. (This message was added in version 5.5.0.) in /var/www/html/wp-includes/functions.php on line 5225
[17-Sep-2020 04:52:34 UTC] The WC_Cart->tax_display_cart argument is deprecated since version 4.4. Use WC_Cart->get_tax_price_display_mode() instead.
[17-Sep-2020 04:53:31 UTC] PHP Notice:  register_rest_route was called <strong>incorrectly</strong>. The REST API route definition for <code>wc/v1/subscriptions/statuses</code> is missing the required <code>permission_callback</code> argument. For REST API routes that are intended to be public, use <code>__return_true</code> as the permission callback. Please see <a href="https://wordpress.org/support/article/debugging-in-wordpress/">Debugging in WordPress</a> for more information. (This message was added in version 5.5.0.) in /var/www/html/wp-includes/functions.php on line 5225
[17-Sep-2020 04:53:36 UTC] PHP Notice:  register_rest_route was called <strong>incorrectly</strong>. The REST API route definition for <code>wc/v1/subscriptions/statuses</code> is missing the required <code>permission_callback</code> argument. For REST API routes that are intended to be public, use <code>__return_true</code> as the permission callback. Please see <a href="https://wordpress.org/support/article/debugging-in-wordpress/">Debugging in WordPress</a> for more information. (This message was added in version 5.5.0.) in /var/www/html/wp-includes/functions.php on line 5225
[17-Sep-2020 04:54:00 UTC] PHP Notice:  register_rest_route was called <strong>incorrectly</strong>. The REST API route definition for <code>wc/v1/subscriptions/statuses</code> is missing the required <code>permission_callback</code> argument. For REST API routes that are intended to be public, use <code>__return_true</code> as the permission callback. Please see <a href="https://wordpress.org/support/article/debugging-in-wordpress/">Debugging in WordPress</a> for more information. (This message was added in version 5.5.0.) in /var/www/html/wp-includes/functions.php on line 5225
[17-Sep-2020 04:54:05 UTC] PHP Notice:  register_rest_route was called <strong>incorrectly</strong>. The REST API route definition for <code>wc/v1/subscriptions/statuses</code> is missing the required <code>permission_callback</code> argument. For REST API routes that are intended to be public, use <code>__return_true</code> as the permission callback. Please see <a href="https://wordpress.org/support/article/debugging-in-wordpress/">Debugging in WordPress</a> for more information. (This message was added in version 5.5.0.) in /var/www/html/wp-includes/functions.php on line 5225
[17-Sep-2020 04:55:52 UTC] PHP Notice:  register_rest_route was called <strong>incorrectly</strong>. The REST API route definition for <code>wc/v1/subscriptions/statuses</code> is missing the required <code>permission_callback</code> argument. For REST API routes that are intended to be public, use <code>__return_true</code> as the permission callback. Please see <a href="https://wordpress.org/support/article/debugging-in-wordpress/">Debugging in WordPress</a> for more information. (This message was added in version 5.5.0.) in /var/www/html/wp-includes/functions.php on line 5225
[17-Sep-2020 04:56:55 UTC] PHP Notice:  register_rest_route was called <strong>incorrectly</strong>. The REST API route definition for <code>wc/v1/subscriptions/statuses</code> is missing the required <code>permission_callback</code> argument. For REST API routes that are intended to be public, use <code>__return_true</code> as the permission callback. Please see <a href="https://wordpress.org/support/article/debugging-in-wordpress/">Debugging in WordPress</a> for more information. (This message was added in version 5.5.0.) in /var/www/html/wp-includes/functions.php on line 5225
[17-Sep-2020 05:01:58 UTC] PHP Notice:  register_rest_route was called <strong>incorrectly</strong>. The REST API route definition for <code>wc/v1/subscriptions/statuses</code> is missing the required <code>permission_callback</code> argument. For REST API routes that are intended to be public, use <code>__return_true</code> as the permission callback. Please see <a href="https://wordpress.org/support/article/debugging-in-wordpress/">Debugging in WordPress</a> for more information. (This message was added in version 5.5.0.) in /var/www/html/wp-includes/functions.php on line 5225
[17-Sep-2020 05:02:04 UTC] PHP Notice:  register_rest_route was called <strong>incorrectly</strong>. The REST API route definition for <code>wc/v1/subscriptions/statuses</code> is missing the required <code>permission_callback</code> argument. For REST API routes that are intended to be public, use <code>__return_true</code> as the permission callback. Please see <a href="https://wordpress.org/support/article/debugging-in-wordpress/">Debugging in WordPress</a> for more information. (This message was added in version 5.5.0.) in /var/www/html/wp-includes/functions.php on line 5225
[17-Sep-2020 05:02:27 UTC] The WC_Cart->tax_display_cart argument is deprecated since version 4.4. Use WC_Cart->get_tax_price_display_mode() instead.
[17-Sep-2020 05:04:16 UTC] PHP Notice:  register_rest_route was called <strong>incorrectly</strong>. The REST API route definition for <code>wc/v1/subscriptions/statuses</code> is missing the required <code>permission_callback</code> argument. For REST API routes that are intended to be public, use <code>__return_true</code> as the permission callback. Please see <a href="https://wordpress.org/support/article/debugging-in-wordpress/">Debugging in WordPress</a> for more information. (This message was added in version 5.5.0.) in /var/www/html/wp-includes/functions.php on line 5225
[17-Sep-2020 05:05:12 UTC] PHP Notice:  register_rest_route was called <strong>incorrectly</strong>. The REST API route definition for <code>wc/v1/subscriptions/statuses</code> is missing the required <code>permission_callback</code> argument. For REST API routes that are intended to be public, use <code>__return_true</code> as the permission callback. Please see <a href="https://wordpress.org/support/article/debugging-in-wordpress/">Debugging in WordPress</a> for more information. (This message was added in version 5.5.0.) in /var/www/html/wp-includes/functions.php on line 5225
[17-Sep-2020 05:05:17 UTC] PHP Notice:  register_rest_route was called <strong>incorrectly</strong>. The REST API route definition for <code>wc/v1/subscriptions/statuses</code> is missing the required <code>permission_callback</code> argument. For REST API routes that are intended to be public, use <code>__return_true</code> as the permission callback. Please see <a href="https://wordpress.org/support/article/debugging-in-wordpress/">Debugging in WordPress</a> for more information. (This message was added in version 5.5.0.) in /var/www/html/wp-includes/functions.php on line 5225
[17-Sep-2020 05:05:25 UTC] PHP Notice:  register_rest_route was called <strong>incorrectly</strong>. The REST API route definition for <code>wc/v1/subscriptions/statuses</code> is missing the required <code>permission_callback</code> argument. For REST API routes that are intended to be public, use <code>__return_true</code> as the permission callback. Please see <a href="https://wordpress.org/support/article/debugging-in-wordpress/">Debugging in WordPress</a> for more information. (This message was added in version 5.5.0.) in /var/www/html/wp-includes/functions.php on line 5225
[17-Sep-2020 05:05:35 UTC] PHP Notice:  register_rest_route was called <strong>incorrectly</strong>. The REST API route definition for <code>wc/v1/subscriptions/statuses</code> is missing the required <code>permission_callback</code> argument. For REST API routes that are intended to be public, use <code>__return_true</code> as the permission callback. Please see <a href="https://wordpress.org/support/article/debugging-in-wordpress/">Debugging in WordPress</a> for more information. (This message was added in version 5.5.0.) in /var/www/html/wp-includes/functions.php on line 5225
[17-Sep-2020 05:07:25 UTC] PHP Notice:  register_rest_route was called <strong>incorrectly</strong>. The REST API route definition for <code>wc/v1/subscriptions/statuses</code> is missing the required <code>permission_callback</code> argument. For REST API routes that are intended to be public, use <code>__return_true</code> as the permission callback. Please see <a href="https://wordpress.org/support/article/debugging-in-wordpress/">Debugging in WordPress</a> for more information. (This message was added in version 5.5.0.) in /var/www/html/wp-includes/functions.php on line 5225
[17-Sep-2020 05:07:35 UTC] PHP Notice:  register_rest_route was called <strong>incorrectly</strong>. The REST API route definition for <code>wc/v1/subscriptions/statuses</code> is missing the required <code>permission_callback</code> argument. For REST API routes that are intended to be public, use <code>__return_true</code> as the permission callback. Please see <a href="https://wordpress.org/support/article/debugging-in-wordpress/">Debugging in WordPress</a> for more information. (This message was added in version 5.5.0.) in /var/www/html/wp-includes/functions.php on line 5225
[17-Sep-2020 05:08:13 UTC] PHP Notice:  register_rest_route was called <strong>incorrectly</strong>. The REST API route definition for <code>wc/v1/subscriptions/statuses</code> is missing the required <code>permission_callback</code> argument. For REST API routes that are intended to be public, use <code>__return_true</code> as the permission callback. Please see <a href="https://wordpress.org/support/article/debugging-in-wordpress/">Debugging in WordPress</a> for more information. (This message was added in version 5.5.0.) in /var/www/html/wp-includes/functions.php on line 5225
[17-Sep-2020 05:09:56 UTC] PHP Notice:  register_rest_route was called <strong>incorrectly</strong>. The REST API route definition for <code>wc/v1/subscriptions/statuses</code> is missing the required <code>permission_callback</code> argument. For REST API routes that are intended to be public, use <code>__return_true</code> as the permission callback. Please see <a href="https://wordpress.org/support/article/debugging-in-wordpress/">Debugging in WordPress</a> for more information. (This message was added in version 5.5.0.) in /var/www/html/wp-includes/functions.php on line 5225
[17-Sep-2020 05:10:01 UTC] PHP Notice:  register_rest_route was called <strong>incorrectly</strong>. The REST API route definition for <code>wc/v1/subscriptions/statuses</code> is missing the required <code>permission_callback</code> argument. For REST API routes that are intended to be public, use <code>__return_true</code> as the permission callback. Please see <a href="https://wordpress.org/support/article/debugging-in-wordpress/">Debugging in WordPress</a> for more information. (This message was added in version 5.5.0.) in /var/www/html/wp-includes/functions.php on line 5225
[17-Sep-2020 05:10:23 UTC] PHP Notice:  register_rest_route was called <strong>incorrectly</strong>. The REST API route definition for <code>wc/v1/subscriptions/statuses</code> is missing the required <code>permission_callback</code> argument. For REST API routes that are intended to be public, use <code>__return_true</code> as the permission callback. Please see <a href="https://wordpress.org/support/article/debugging-in-wordpress/">Debugging in WordPress</a> for more information. (This message was added in version 5.5.0.) in /var/www/html/wp-includes/functions.php on line 5225
[17-Sep-2020 05:10:29 UTC] PHP Notice:  register_rest_route was called <strong>incorrectly</strong>. The REST API route definition for <code>wc/v1/subscriptions/statuses</code> is missing the required <code>permission_callback</code> argument. For REST API routes that are intended to be public, use <code>__return_true</code> as the permission callback. Please see <a href="https://wordpress.org/support/article/debugging-in-wordpress/">Debugging in WordPress</a> for more information. (This message was added in version 5.5.0.) in /var/www/html/wp-includes/functions.php on line 5225
[17-Sep-2020 05:10:54 UTC] PHP Notice:  register_rest_route was called <strong>incorrectly</strong>. The REST API route definition for <code>wc/v1/subscriptions/statuses</code> is missing the required <code>permission_callback</code> argument. For REST API routes that are intended to be public, use <code>__return_true</code> as the permission callback. Please see <a href="https://wordpress.org/support/article/debugging-in-wordpress/">Debugging in WordPress</a> for more information. (This message was added in version 5.5.0.) in /var/www/html/wp-includes/functions.php on line 5225
[17-Sep-2020 05:12:08 UTC] The WC_Cart->tax_display_cart argument is deprecated since version 4.4. Use WC_Cart->get_tax_price_display_mode() instead.
[17-Sep-2020 05:12:30 UTC] PHP Notice:  register_rest_route was called <strong>incorrectly</strong>. The REST API route definition for <code>wc/v1/subscriptions/statuses</code> is missing the required <code>permission_callback</code> argument. For REST API routes that are intended to be public, use <code>__return_true</code> as the permission callback. Please see <a href="https://wordpress.org/support/article/debugging-in-wordpress/">Debugging in WordPress</a> for more information. (This message was added in version 5.5.0.) in /var/www/html/wp-includes/functions.php on line 5225
[17-Sep-2020 05:12:46 UTC] PHP Notice:  register_rest_route was called <strong>incorrectly</strong>. The REST API route definition for <code>wc/v1/subscriptions/statuses</code> is missing the required <code>permission_callback</code> argument. For REST API routes that are intended to be public, use <code>__return_true</code> as the permission callback. Please see <a href="https://wordpress.org/support/article/debugging-in-wordpress/">Debugging in WordPress</a> for more information. (This message was added in version 5.5.0.) in /var/www/html/wp-includes/functions.php on line 5225
[17-Sep-2020 05:13:39 UTC] PHP Notice:  register_rest_route was called <strong>incorrectly</strong>. The REST API route definition for <code>wc/v1/subscriptions/statuses</code> is missing the required <code>permission_callback</code> argument. For REST API routes that are intended to be public, use <code>__return_true</code> as the permission callback. Please see <a href="https://wordpress.org/support/article/debugging-in-wordpress/">Debugging in WordPress</a> for more information. (This message was added in version 5.5.0.) in /var/www/html/wp-includes/functions.php on line 5225
[17-Sep-2020 05:13:46 UTC] The WC_Cart->tax_display_cart argument is deprecated since version 4.4. Use WC_Cart->get_tax_price_display_mode() instead.
[17-Sep-2020 05:14:06 UTC] The WC_Cart->tax_display_cart argument is deprecated since version 4.4. Use WC_Cart->get_tax_price_display_mode() instead.
[17-Sep-2020 05:14:11 UTC] PHP Notice:  Undefined variable: image in /var/www/html/wp-content/themes/wptemplate/template-parts/content/content.php on line 7
[17-Sep-2020 05:14:11 UTC] PHP Deprecated:  WC_Cart->tax_display_cart was called with an argument that is <strong>deprecated</strong> since version 4.4! Use WC_Cart->get_tax_price_display_mode() instead. in /var/www/html/wp-includes/functions.php on line 5057
[17-Sep-2020 05:14:29 UTC] PHP Notice:  Undefined variable: sub in /var/www/html/wp-content/themes/wptemplate/header.php on line 27
